[17:32:13] Fixing line endings and permissions on all scripts...
[17:32:17] Syncing configs to all nodes...
  → Syncing node01...
    node01 complete
  → Syncing node02...
    node02 complete
  → Syncing node03...
    node03 complete
  → Syncing node04...
    node04 complete
  → Syncing node05...
    node05 complete

  All configurations synced and sanitized successfully!
[17:32:23] OK: Configs synced
[17:32:23] STEP 1/5 — ZooKeeper
[node01] myid set to 1
[node01] zoo.cfg already exists — skipping
[node03] myid set to 3
[node03] zoo.cfg already exists — skipping
[node02] myid set to 2
[node02] zoo.cfg already exists — skipping
ZooKeeper JMX enabled by default
Using config: /opt/zookeeper/bin/../conf/zoo.cfg
ZooKeeper JMX enabled by default
ZooKeeper JMX enabled by default
Using config: /opt/zookeeper/bin/../conf/zoo.cfg
Using config: /opt/zookeeper/bin/../conf/zoo.cfg
Starting zookeeper ... Starting zookeeper ... Starting zookeeper ... STARTED
STARTED
STARTED
[node02] ZooKeeper running — Mode: follower
[node01] ZooKeeper running — Mode: follower
[node03] ZooKeeper running — Mode: leader
[17:32:33] node01: Mode: follower
[17:32:34] node02: Mode: follower
[17:32:35] node03: Mode: leader
[17:32:35] STEP 2/5 — node03 (JournalNode + DataNode + NodeManager)
[17:32:35] [node03] Starting node03 setup (JournalNode + DataNode + NodeManager)
[17:32:35] [node03] Creating data directories...
[17:32:35] [node03] Starting JournalNode...
[17:32:41] [node03] ✅ JournalNode is up and listening on port 8485
[17:32:41] [node03] Starting DataNode...
[17:32:42] OK: JournalNode node03 up on node03:8485
[17:32:42] STEP 3/5 — node01 (Active NameNode + ZKFC + ResourceManager)
[17:32:42] [node01] Starting node01 setup (Active NameNode + ZKFC + ResourceManager)
[17:32:42] [node01] Checking ZooKeeper quorum...
[17:32:42] [node01] ✅ ZooKeeper is up
[17:32:42] [node01] Creating JournalNode directory
[17:32:42] [node01] Starting JournalNode...
[17:32:45] [node03] ✅ DataNode started
[17:32:45] [node03] Starting NodeManager...
[17:32:48] [node01] ✅ JournalNode started
[17:32:48] [node01] Formatting NameNode with clusterId=clusterA
[17:32:49] [node03] ✅ NodeManager started

[17:32:49] [node03] =========================================
[17:32:49] [node03] node03 services started. Running processes:
14448 QuorumPeerMain
14932 Jps
14772 DataNode
14676 JournalNode
14870 NodeManager
[17:32:51] [node03] ==========================================
2026-03-03 17:32:51,875 INFO namenode.NameNode: STARTUP_MSG: 
/************************************************************
STARTUP_MSG: Starting NameNode
STARTUP_MSG:   host = node01/172.19.0.3
STARTUP_MSG:   args = [-format, -clusterId, clusterA, -force]
STARTUP_MSG:   version = 3.4.2
STARTUP_MSG:   classpath = /opt/hadoop/etc/hadoop:/opt/hadoop/share/hadoop/common/lib/netty-transport-native-epoll-4.1.118.Final.jar:/opt/hadoop/share/hadoop/common/lib/commons-net-3.9.0.jar:/opt/hadoop/share/hadoop/common/lib/commons-collections4-4.4.jar:/opt/hadoop/share/hadoop/common/lib/jersey-servlet-1.19.4.jar:/opt/hadoop/share/hadoop/common/lib/woodstox-core-5.4.0.jar:/opt/hadoop/share/hadoop/common/lib/jetty-io-9.4.57.v20241219.jar:/opt/hadoop/share/hadoop/common/lib/javax.servlet-api-3.1.0.jar:/opt/hadoop/share/hadoop/common/lib/kerby-pkix-2.0.3.jar:/opt/hadoop/share/hadoop/common/lib/netty-transport-classes-kqueue-4.1.118.Final.jar:/opt/hadoop/share/hadoop/common/lib/jersey-json-1.22.0.jar:/opt/hadoop/share/hadoop/common/lib/netty-transport-native-epoll-4.1.118.Final-linux-aarch_64.jar:/opt/hadoop/share/hadoop/common/lib/netty-transport-native-kqueue-4.1.118.Final-osx-x86_64.jar:/opt/hadoop/share/hadoop/common/lib/zookeeper-3.8.4.jar:/opt/hadoop/share/hadoop/common/lib/jetty-http-9.4.57.v20241219.jar:/opt/hadoop/share/hadoop/common/lib/netty-handler-4.1.118.Final.jar:/opt/hadoop/share/hadoop/common/lib/netty-transport-native-epoll-4.1.118.Final-linux-riscv64.jar:/opt/hadoop/share/hadoop/common/lib/jetty-util-ajax-9.4.57.v20241219.jar:/opt/hadoop/share/hadoop/common/lib/jsp-api-2.1.jar:/opt/hadoop/share/hadoop/common/lib/commons-lang3-3.17.0.jar:/opt/hadoop/share/hadoop/common/lib/jettison-1.5.4.jar:/opt/hadoop/share/hadoop/common/lib/jakarta.activation-api-1.2.1.jar:/opt/hadoop/share/hadoop/common/lib/netty-codec-memcache-4.1.118.Final.jar:/opt/hadoop/share/hadoop/common/lib/netty-transport-udt-4.1.118.Final.jar:/opt/hadoop/share/hadoop/common/lib/jetty-servlet-9.4.57.v20241219.jar:/opt/hadoop/share/hadoop/common/lib/slf4j-reload4j-1.7.36.jar:/opt/hadoop/share/hadoop/common/lib/nimbus-jose-jwt-9.37.2.jar:/opt/hadoop/share/hadoop/common/lib/bcprov-jdk18on-1.78.1.jar:/opt/hadoop/share/hadoop/common/lib/commons-math3-3.6.1.jar:/opt/hadoop/share/hadoop/common/lib/kerby-util-2.0.3.jar:/opt/hadoop/share/hadoop/common/lib/hadoop-shaded-guava-1.4.0.jar:/opt/hadoop/share/hadoop/common/lib/commons-configuration2-2.10.1.jar:/opt/hadoop/share/hadoop/common/lib/kerb-core-2.0.3.jar:/opt/hadoop/share/hadoop/common/lib/jcip-annotations-1.0-1.jar:/opt/hadoop/share/hadoop/common/lib/failureaccess-1.0.jar:/opt/hadoop/share/hadoop/common/lib/netty-codec-smtp-4.1.118.Final.jar:/opt/hadoop/share/hadoop/common/lib/jaxb-api-2.2.11.jar:/opt/hadoop/share/hadoop/common/lib/curator-framework-5.2.0.jar:/opt/hadoop/share/hadoop/common/lib/jackson-databind-2.12.7.1.jar:/opt/hadoop/share/hadoop/common/lib/metrics-core-3.2.4.jar:/opt/hadoop/share/hadoop/common/lib/curator-client-5.2.0.jar:/opt/hadoop/share/hadoop/common/lib/kerb-crypto-2.0.3.jar:/opt/hadoop/share/hadoop/common/lib/netty-codec-4.1.118.Final.jar:/opt/hadoop/share/hadoop/common/lib/hadoop-annotations-3.4.2.jar:/opt/hadoop/share/hadoop/common/lib/netty-resolver-dns-native-macos-4.1.118.Final-osx-aarch_64.jar:/opt/hadoop/share/hadoop/common/lib/j2objc-annotations-1.1.jar:/opt/hadoop/share/hadoop/common/lib/commons-daemon-1.0.13.jar:/opt/hadoop/share/hadoop/common/lib/jackson-annotations-2.12.7.jar:/opt/hadoop/share/hadoop/common/lib/netty-transport-native-epoll-4.1.118.Final-linux-x86_64.jar:/opt/hadoop/share/hadoop/common/lib/re2j-1.1.jar:/opt/hadoop/share/hadoop/common/lib/commons-io-2.16.1.jar:/opt/hadoop/share/hadoop/common/lib/guava-27.0-jre.jar:/opt/hadoop/share/hadoop/common/lib/gson-2.9.0.jar:/opt/hadoop/share/hadoop/common/lib/kerby-config-2.0.3.jar:/opt/hadoop/share/hadoop/common/lib/netty-codec-haproxy-4.1.118.Final.jar:/opt/hadoop/share/hadoop/common/lib/netty-transport-rxtx-4.1.118.Final.jar:/opt/hadoop/share/hadoop/common/lib/jsr311-api-1.1.1.jar:/opt/hadoop/share/hadoop/common/lib/jetty-security-9.4.57.v20241219.jar:/opt/hadoop/share/hadoop/common/lib/netty-transport-native-unix-common-4.1.118.Final.jar:/opt/hadoop/share/hadoop/common/lib/netty-resolver-dns-4.1.118.Final.jar:/opt/hadoop/share/hadoop/common/lib/dnsjava-3.6.1.jar:/opt/hadoop/share/hadoop/common/lib/netty-transport-classes-epoll-4.1.118.Final.jar:/opt/hadoop/share/hadoop/common/lib/netty-handler-ssl-ocsp-4.1.118.Final.jar:/opt/hadoop/share/hadoop/common/lib/netty-common-4.1.118.Final.jar:/opt/hadoop/share/hadoop/common/lib/httpclient-4.5.13.jar:/opt/hadoop/share/hadoop/common/lib/netty-resolver-dns-classes-macos-4.1.118.Final.jar:/opt/hadoop/share/hadoop/common/lib/netty-resolver-dns-native-macos-4.1.118.Final-osx-x86_64.jar:/opt/hadoop/share/hadoop/common/lib/kerb-util-2.0.3.jar:/opt/hadoop/share/hadoop/common/lib/netty-codec-http2-4.1.118.Final.jar:/opt/hadoop/share/hadoop/common/lib/commons-logging-1.3.0.jar:/opt/hadoop/share/hadoop/common/lib/jetty-server-9.4.57.v20241219.jar:/opt/hadoop/share/hadoop/common/lib/netty-transport-native-kqueue-4.1.118.Final-osx-aarch_64.jar:/opt/hadoop/share/hadoop/common/lib/netty-codec-redis-4.1.118.Final.jar:/opt/hadoop/share/hadoop/common/lib/netty-codec-socks-4.1.118.Final.jar:/opt/hadoop/share/hadoop/common/lib/jsch-0.1.55.jar:/opt/hadoop/share/hadoop/common/lib/hadoop-shaded-protobuf_3_25-1.4.0.jar:/opt/hadoop/share/hadoop/common/lib/jul-to-slf4j-1.7.36.jar:/opt/hadoop/share/hadoop/common/lib/kerby-asn1-2.0.3.jar:/opt/hadoop/share/hadoop/common/lib/jersey-server-1.19.4.jar:/opt/hadoop/share/hadoop/common/lib/checker-qual-2.5.2.jar:/opt/hadoop/share/hadoop/common/lib/slf4j-api-1.7.36.jar:/opt/hadoop/share/hadoop/common/lib/netty-codec-mqtt-4.1.118.Final.jar:/opt/hadoop/share/hadoop/common/lib/netty-handler-proxy-4.1.118.Final.jar:/opt/hadoop/share/hadoop/common/lib/netty-codec-xml-4.1.118.Final.jar:/opt/hadoop/share/hadoop/common/lib/zookeeper-jute-3.8.4.jar:/opt/hadoop/share/hadoop/common/lib/netty-transport-sctp-4.1.118.Final.jar:/opt/hadoop/share/hadoop/common/lib/jsr305-3.0.2.jar:/opt/hadoop/share/hadoop/common/lib/jaxb-impl-2.2.3-1.jar:/opt/hadoop/share/hadoop/common/lib/netty-all-4.1.118.Final.jar:/opt/hadoop/share/hadoop/common/lib/stax2-api-4.2.1.jar:/opt/hadoop/share/hadoop/common/lib/httpcore-4.4.13.jar:/opt/hadoop/share/hadoop/common/lib/commons-compress-1.26.1.jar:/opt/hadoop/share/hadoop/common/lib/commons-codec-1.15.jar:/opt/hadoop/share/hadoop/common/lib/jackson-core-2.12.7.jar:/opt/hadoop/share/hadoop/common/lib/netty-codec-stomp-4.1.118.Final.jar:/opt/hadoop/share/hadoop/common/lib/jetty-xml-9.4.57.v20241219.jar:/opt/hadoop/share/hadoop/common/lib/netty-resolver-4.1.118.Final.jar:/opt/hadoop/share/hadoop/common/lib/jetty-webapp-9.4.57.v20241219.jar:/opt/hadoop/share/hadoop/common/lib/jetty-util-9.4.57.v20241219.jar:/opt/hadoop/share/hadoop/common/lib/avro-1.11.4.jar:/opt/hadoop/share/hadoop/common/lib/reload4j-1.2.22.jar:/opt/hadoop/share/hadoop/common/lib/commons-cli-1.9.0.jar:/opt/hadoop/share/hadoop/common/lib/netty-codec-dns-4.1.118.Final.jar:/opt/hadoop/share/hadoop/common/lib/jersey-core-1.19.4.jar:/opt/hadoop/share/hadoop/common/lib/netty-transport-4.1.118.Final.jar:/opt/hadoop/share/hadoop/common/lib/netty-codec-http-4.1.118.Final.jar:/opt/hadoop/share/hadoop/common/lib/audience-annotations-0.12.0.jar:/opt/hadoop/share/hadoop/common/lib/animal-sniffer-annotations-1.17.jar:/opt/hadoop/share/hadoop/common/lib/listenablefuture-9999.0-empty-to-avoid-conflict-with-guava.jar:/opt/hadoop/share/hadoop/common/lib/commons-text-1.10.0.jar:/opt/hadoop/share/hadoop/common/lib/netty-buffer-4.1.118.Final.jar:/opt/hadoop/share/hadoop/common/lib/snappy-java-1.1.10.4.jar:/opt/hadoop/share/hadoop/common/lib/hadoop-auth-3.4.2.jar:/opt/hadoop/share/hadoop/common/lib/curator-recipes-5.2.0.jar:/opt/hadoop/share/hadoop/common/hadoop-common-3.4.2.jar:/opt/hadoop/share/hadoop/common/hadoop-kms-3.4.2.jar:/opt/hadoop/share/hadoop/common/hadoop-common-3.4.2-tests.jar:/opt/hadoop/share/hadoop/common/hadoop-nfs-3.4.2.jar:/opt/hadoop/share/hadoop/common/hadoop-registry-3.4.2.jar:/opt/hadoop/share/hadoop/hdfs:/opt/hadoop/share/hadoop/hdfs/lib/netty-transport-native-epoll-4.1.118.Final.jar:/opt/hadoop/share/hadoop/hdfs/lib/commons-net-3.9.0.jar:/opt/hadoop/share/hadoop/hdfs/lib/commons-collections4-4.4.jar:/opt/hadoop/share/hadoop/hdfs/lib/jersey-servlet-1.19.4.jar:/opt/hadoop/share/hadoop/hdfs/lib/woodstox-core-5.4.0.jar:/opt/hadoop/share/hadoop/hdfs/lib/jetty-io-9.4.57.v20241219.jar:/opt/hadoop/share/hadoop/hdfs/lib/javax.servlet-api-3.1.0.jar:/opt/hadoop/share/hadoop/hdfs/lib/kerby-pkix-2.0.3.jar:/opt/hadoop/share/hadoop/hdfs/lib/netty-transport-classes-kqueue-4.1.118.Final.jar:/opt/hadoop/share/hadoop/hdfs/lib/jersey-json-1.22.0.jar:/opt/hadoop/share/hadoop/hdfs/lib/netty-transport-native-epoll-4.1.118.Final-linux-aarch_64.jar:/opt/hadoop/share/hadoop/hdfs/lib/netty-transport-native-kqueue-4.1.118.Final-osx-x86_64.jar:/opt/hadoop/share/hadoop/hdfs/lib/zookeeper-3.8.4.jar:/opt/hadoop/share/hadoop/hdfs/lib/jetty-http-9.4.57.v20241219.jar:/opt/hadoop/share/hadoop/hdfs/lib/netty-handler-4.1.118.Final.jar:/opt/hadoop/share/hadoop/hdfs/lib/netty-transport-native-epoll-4.1.118.Final-linux-riscv64.jar:/opt/hadoop/share/hadoop/hdfs/lib/jetty-util-ajax-9.4.57.v20241219.jar:/opt/hadoop/share/hadoop/hdfs/lib/commons-lang3-3.17.0.jar:/opt/hadoop/share/hadoop/hdfs/lib/jettison-1.5.4.jar:/opt/hadoop/share/hadoop/hdfs/lib/jakarta.activation-api-1.2.1.jar:/opt/hadoop/share/hadoop/hdfs/lib/netty-codec-memcache-4.1.118.Final.jar:/opt/hadoop/share/hadoop/hdfs/lib/netty-transport-udt-4.1.118.Final.jar:/opt/hadoop/share/hadoop/hdfs/lib/jetty-servlet-9.4.57.v20241219.jar:/opt/hadoop/share/hadoop/hdfs/lib/nimbus-jose-jwt-9.37.2.jar:/opt/hadoop/share/hadoop/hdfs/lib/commons-math3-3.6.1.jar:/opt/hadoop/share/hadoop/hdfs/lib/kerby-util-2.0.3.jar:/opt/hadoop/share/hadoop/hdfs/lib/hadoop-shaded-guava-1.4.0.jar:/opt/hadoop/share/hadoop/hdfs/lib/commons-configuration2-2.10.1.jar:/opt/hadoop/share/hadoop/hdfs/lib/kerb-core-2.0.3.jar:/opt/hadoop/share/hadoop/hdfs/lib/jcip-annotations-1.0-1.jar:/opt/hadoop/share/hadoop/hdfs/lib/failureaccess-1.0.jar:/opt/hadoop/share/hadoop/hdfs/lib/netty-codec-smtp-4.1.118.Final.jar:/opt/hadoop/share/hadoop/hdfs/lib/jaxb-api-2.2.11.jar:/opt/hadoop/share/hadoop/hdfs/lib/curator-framework-5.2.0.jar:/opt/hadoop/share/hadoop/hdfs/lib/jackson-databind-2.12.7.1.jar:/opt/hadoop/share/hadoop/hdfs/lib/metrics-core-3.2.4.jar:/opt/hadoop/share/hadoop/hdfs/lib/curator-client-5.2.0.jar:/opt/hadoop/share/hadoop/hdfs/lib/kerb-crypto-2.0.3.jar:/opt/hadoop/share/hadoop/hdfs/lib/netty-codec-4.1.118.Final.jar:/opt/hadoop/share/hadoop/hdfs/lib/hadoop-annotations-3.4.2.jar:/opt/hadoop/share/hadoop/hdfs/lib/netty-resolver-dns-native-macos-4.1.118.Final-osx-aarch_64.jar:/opt/hadoop/share/hadoop/hdfs/lib/j2objc-annotations-1.1.jar:/opt/hadoop/share/hadoop/hdfs/lib/commons-daemon-1.0.13.jar:/opt/hadoop/share/hadoop/hdfs/lib/jackson-annotations-2.12.7.jar:/opt/hadoop/share/hadoop/hdfs/lib/netty-transport-native-epoll-4.1.118.Final-linux-x86_64.jar:/opt/hadoop/share/hadoop/hdfs/lib/re2j-1.1.jar:/opt/hadoop/share/hadoop/hdfs/lib/commons-io-2.16.1.jar:/opt/hadoop/share/hadoop/hdfs/lib/guava-27.0-jre.jar:/opt/hadoop/share/hadoop/hdfs/lib/gson-2.9.0.jar:/opt/hadoop/share/hadoop/hdfs/lib/kerby-config-2.0.3.jar:/opt/hadoop/share/hadoop/hdfs/lib/netty-codec-haproxy-4.1.118.Final.jar:/opt/hadoop/share/hadoop/hdfs/lib/netty-transport-rxtx-4.1.118.Final.jar:/opt/hadoop/share/hadoop/hdfs/lib/jsr311-api-1.1.1.jar:/opt/hadoop/share/hadoop/hdfs/lib/jetty-security-9.4.57.v20241219.jar:/opt/hadoop/share/hadoop/hdfs/lib/netty-transport-native-unix-common-4.1.118.Final.jar:/opt/hadoop/share/hadoop/hdfs/lib/netty-resolver-dns-4.1.118.Final.jar:/opt/hadoop/share/hadoop/hdfs/lib/dnsjava-3.6.1.jar:/opt/hadoop/share/hadoop/hdfs/lib/netty-transport-classes-epoll-4.1.118.Final.jar:/opt/hadoop/share/hadoop/hdfs/lib/netty-handler-ssl-ocsp-4.1.118.Final.jar:/opt/hadoop/share/hadoop/hdfs/lib/netty-common-4.1.118.Final.jar:/opt/hadoop/share/hadoop/hdfs/lib/httpclient-4.5.13.jar:/opt/hadoop/share/hadoop/hdfs/lib/netty-resolver-dns-classes-macos-4.1.118.Final.jar:/opt/hadoop/share/hadoop/hdfs/lib/netty-resolver-dns-native-macos-4.1.118.Final-osx-x86_64.jar:/opt/hadoop/share/hadoop/hdfs/lib/kerb-util-2.0.3.jar:/opt/hadoop/share/hadoop/hdfs/lib/netty-codec-http2-4.1.118.Final.jar:/opt/hadoop/share/hadoop/hdfs/lib/commons-logging-1.3.0.jar:/opt/hadoop/share/hadoop/hdfs/lib/jetty-server-9.4.57.v20241219.jar:/opt/hadoop/share/hadoop/hdfs/lib/netty-transport-native-kqueue-4.1.118.Final-osx-aarch_64.jar:/opt/hadoop/share/hadoop/hdfs/lib/netty-codec-redis-4.1.118.Final.jar:/opt/hadoop/share/hadoop/hdfs/lib/netty-codec-socks-4.1.118.Final.jar:/opt/hadoop/share/hadoop/hdfs/lib/jsch-0.1.55.jar:/opt/hadoop/share/hadoop/hdfs/lib/hadoop-shaded-protobuf_3_25-1.4.0.jar:/opt/hadoop/share/hadoop/hdfs/lib/kerby-asn1-2.0.3.jar:/opt/hadoop/share/hadoop/hdfs/lib/jersey-server-1.19.4.jar:/opt/hadoop/share/hadoop/hdfs/lib/checker-qual-2.5.2.jar:/opt/hadoop/share/hadoop/hdfs/lib/HikariCP-4.0.3.jar:/opt/hadoop/share/hadoop/hdfs/lib/netty-codec-mqtt-4.1.118.Final.jar:/opt/hadoop/share/hadoop/hdfs/lib/netty-handler-proxy-4.1.118.Final.jar:/opt/hadoop/share/hadoop/hdfs/lib/netty-codec-xml-4.1.118.Final.jar:/opt/hadoop/share/hadoop/hdfs/lib/zookeeper-jute-3.8.4.jar:/opt/hadoop/share/hadoop/hdfs/lib/netty-transport-sctp-4.1.118.Final.jar:/opt/hadoop/share/hadoop/hdfs/lib/leveldbjni-all-1.8.jar:/opt/hadoop/share/hadoop/hdfs/lib/jsr305-3.0.2.jar:/opt/hadoop/share/hadoop/hdfs/lib/jaxb-impl-2.2.3-1.jar:/opt/hadoop/share/hadoop/hdfs/lib/netty-all-4.1.118.Final.jar:/opt/hadoop/share/hadoop/hdfs/lib/stax2-api-4.2.1.jar:/opt/hadoop/share/hadoop/hdfs/lib/httpcore-4.4.13.jar:/opt/hadoop/share/hadoop/hdfs/lib/commons-compress-1.26.1.jar:/opt/hadoop/share/hadoop/hdfs/lib/commons-codec-1.15.jar:/opt/hadoop/share/hadoop/hdfs/lib/jackson-core-2.12.7.jar:/opt/hadoop/share/hadoop/hdfs/lib/netty-codec-stomp-4.1.118.Final.jar:/opt/hadoop/share/hadoop/hdfs/lib/jetty-xml-9.4.57.v20241219.jar:/opt/hadoop/share/hadoop/hdfs/lib/netty-resolver-4.1.118.Final.jar:/opt/hadoop/share/hadoop/hdfs/lib/jetty-webapp-9.4.57.v20241219.jar:/opt/hadoop/share/hadoop/hdfs/lib/jetty-util-9.4.57.v20241219.jar:/opt/hadoop/share/hadoop/hdfs/lib/json-simple-1.1.1.jar:/opt/hadoop/share/hadoop/hdfs/lib/avro-1.11.4.jar:/opt/hadoop/share/hadoop/hdfs/lib/reload4j-1.2.22.jar:/opt/hadoop/share/hadoop/hdfs/lib/commons-cli-1.9.0.jar:/opt/hadoop/share/hadoop/hdfs/lib/netty-codec-dns-4.1.118.Final.jar:/opt/hadoop/share/hadoop/hdfs/lib/jersey-core-1.19.4.jar:/opt/hadoop/share/hadoop/hdfs/lib/netty-transport-4.1.118.Final.jar:/opt/hadoop/share/hadoop/hdfs/lib/netty-codec-http-4.1.118.Final.jar:/opt/hadoop/share/hadoop/hdfs/lib/audience-annotations-0.12.0.jar:/opt/hadoop/share/hadoop/hdfs/lib/animal-sniffer-annotations-1.17.jar:/opt/hadoop/share/hadoop/hdfs/lib/listenablefuture-9999.0-empty-to-avoid-conflict-with-guava.jar:/opt/hadoop/share/hadoop/hdfs/lib/commons-text-1.10.0.jar:/opt/hadoop/share/hadoop/hdfs/lib/netty-buffer-4.1.118.Final.jar:/opt/hadoop/share/hadoop/hdfs/lib/snappy-java-1.1.10.4.jar:/opt/hadoop/share/hadoop/hdfs/lib/hadoop-auth-3.4.2.jar:/opt/hadoop/share/hadoop/hdfs/lib/curator-recipes-5.2.0.jar:/opt/hadoop/share/hadoop/hdfs/hadoop-hdfs-rbf-3.4.2.jar:/opt/hadoop/share/hadoop/hdfs/hadoop-hdfs-client-3.4.2.jar:/opt/hadoop/share/hadoop/hdfs/hadoop-hdfs-native-client-3.4.2.jar:/opt/hadoop/share/hadoop/hdfs/hadoop-hdfs-nfs-3.4.2.jar:/opt/hadoop/share/hadoop/hdfs/hadoop-hdfs-3.4.2-tests.jar:/opt/hadoop/share/hadoop/hdfs/hadoop-hdfs-3.4.2.jar:/opt/hadoop/share/hadoop/hdfs/hadoop-hdfs-rbf-3.4.2-tests.jar:/opt/hadoop/share/hadoop/hdfs/hadoop-hdfs-httpfs-3.4.2.jar:/opt/hadoop/share/hadoop/hdfs/hadoop-hdfs-client-3.4.2-tests.jar:/opt/hadoop/share/hadoop/hdfs/hadoop-hdfs-native-client-3.4.2-tests.jar:/opt/hadoop/share/hadoop/mapreduce/hadoop-mapreduce-client-core-3.4.2.jar:/opt/hadoop/share/hadoop/mapreduce/hadoop-mapreduce-client-app-3.4.2.jar:/opt/hadoop/share/hadoop/mapreduce/hadoop-mapreduce-examples-3.4.2.jar:/opt/hadoop/share/hadoop/mapreduce/hadoop-mapreduce-client-hs-plugins-3.4.2.jar:/opt/hadoop/share/hadoop/mapreduce/hadoop-mapreduce-client-shuffle-3.4.2.jar:/opt/hadoop/share/hadoop/mapreduce/hadoop-mapreduce-client-common-3.4.2.jar:/opt/hadoop/share/hadoop/mapreduce/hadoop-mapreduce-client-jobclient-3.4.2.jar:/opt/hadoop/share/hadoop/mapreduce/hadoop-mapreduce-client-nativetask-3.4.2.jar:/opt/hadoop/share/hadoop/mapreduce/hadoop-mapreduce-client-hs-3.4.2.jar:/opt/hadoop/share/hadoop/mapreduce/hadoop-mapreduce-client-uploader-3.4.2.jar:/opt/hadoop/share/hadoop/mapreduce/hadoop-mapreduce-client-jobclient-3.4.2-tests.jar:/opt/hadoop/share/hadoop/yarn:/opt/hadoop/share/hadoop/yarn/lib/jackson-jaxrs-base-2.12.7.jar:/opt/hadoop/share/hadoop/yarn/lib/websocket-client-9.4.57.v20241219.jar:/opt/hadoop/share/hadoop/yarn/lib/swagger-annotations-1.5.4.jar:/opt/hadoop/share/hadoop/yarn/lib/jetty-annotations-9.4.57.v20241219.jar:/opt/hadoop/share/hadoop/yarn/lib/txw2-2.3.1.jar:/opt/hadoop/share/hadoop/yarn/lib/javax-websocket-server-impl-9.4.57.v20241219.jar:/opt/hadoop/share/hadoop/yarn/lib/mssql-jdbc-6.2.1.jre7.jar:/opt/hadoop/share/hadoop/yarn/lib/jetty-plus-9.4.57.v20241219.jar:/opt/hadoop/share/hadoop/yarn/lib/jaxb-runtime-2.3.1.jar:/opt/hadoop/share/hadoop/yarn/lib/jersey-guice-1.19.4.jar:/opt/hadoop/share/hadoop/yarn/lib/FastInfoset-1.2.15.jar:/opt/hadoop/share/hadoop/yarn/lib/stax-ex-1.8.jar:/opt/hadoop/share/hadoop/yarn/lib/bcutil-jdk18on-1.78.1.jar:/opt/hadoop/share/hadoop/yarn/lib/jetty-client-9.4.57.v20241219.jar:/opt/hadoop/share/hadoop/yarn/lib/jakarta.xml.bind-api-2.3.2.jar:/opt/hadoop/share/hadoop/yarn/lib/asm-tree-9.7.1.jar:/opt/hadoop/share/hadoop/yarn/lib/javax.inject-1.jar:/opt/hadoop/share/hadoop/yarn/lib/objenesis-2.6.jar:/opt/hadoop/share/hadoop/yarn/lib/websocket-api-9.4.57.v20241219.jar:/opt/hadoop/share/hadoop/yarn/lib/jsonschema2pojo-core-1.0.2.jar:/opt/hadoop/share/hadoop/yarn/lib/jetty-jndi-9.4.57.v20241219.jar:/opt/hadoop/share/hadoop/yarn/lib/javax.websocket-api-1.0.jar:/opt/hadoop/share/hadoop/yarn/lib/javax.activation-api-1.2.0.jar:/opt/hadoop/share/hadoop/yarn/lib/istack-commons-runtime-3.0.7.jar:/opt/hadoop/share/hadoop/yarn/lib/websocket-server-9.4.57.v20241219.jar:/opt/hadoop/share/hadoop/yarn/lib/jersey-client-1.19.4.jar:/opt/hadoop/share/hadoop/yarn/lib/jline-3.9.0.jar:/opt/hadoop/share/hadoop/yarn/lib/jna-5.2.0.jar:/opt/hadoop/share/hadoop/yarn/lib/codemodel-2.6.jar:/opt/hadoop/share/hadoop/yarn/lib/snakeyaml-2.0.jar:/opt/hadoop/share/hadoop/yarn/lib/guice-servlet-4.2.3.jar:/opt/hadoop/share/hadoop/yarn/lib/jackson-module-jaxb-annotations-2.12.7.jar:/opt/hadoop/share/hadoop/yarn/lib/jackson-jaxrs-json-provider-2.12.7.jar:/opt/hadoop/share/hadoop/yarn/lib/fst-2.50.jar:/opt/hadoop/share/hadoop/yarn/lib/asm-commons-9.7.1.jar:/opt/hadoop/share/hadoop/yarn/lib/javax.websocket-client-api-1.0.jar:/opt/hadoop/share/hadoop/yarn/lib/bcpkix-jdk18on-1.78.1.jar:/opt/hadoop/share/hadoop/yarn/lib/ehcache-3.8.2.jar:/opt/hadoop/share/hadoop/yarn/lib/commons-lang-2.6.jar:/opt/hadoop/share/hadoop/yarn/lib/aopalliance-1.0.jar:/opt/hadoop/share/hadoop/yarn/lib/guice-4.2.3.jar:/opt/hadoop/share/hadoop/yarn/lib/websocket-servlet-9.4.57.v20241219.jar:/opt/hadoop/share/hadoop/yarn/lib/cache-api-1.1.1.jar:/opt/hadoop/share/hadoop/yarn/lib/websocket-common-9.4.57.v20241219.jar:/opt/hadoop/share/hadoop/yarn/lib/javax-websocket-client-impl-9.4.57.v20241219.jar:/opt/hadoop/share/hadoop/yarn/hadoop-yarn-server-tests-3.4.2.jar:/opt/hadoop/share/hadoop/yarn/hadoop-yarn-server-globalpolicygenerator-3.4.2.jar:/opt/hadoop/share/hadoop/yarn/hadoop-yarn-client-3.4.2.jar:/opt/hadoop/share/hadoop/yarn/hadoop-yarn-server-sharedcachemanager-3.4.2.jar:/opt/hadoop/share/hadoop/yarn/hadoop-yarn-server-timeline-pluginstorage-3.4.2.jar:/opt/hadoop/share/hadoop/yarn/hadoop-yarn-api-3.4.2.jar:/opt/hadoop/share/hadoop/yarn/hadoop-yarn-applications-unmanaged-am-launcher-3.4.2.jar:/opt/hadoop/share/hadoop/yarn/hadoop-yarn-server-router-3.4.2.jar:/opt/hadoop/share/hadoop/yarn/hadoop-yarn-applications-distributedshell-3.4.2.jar:/opt/hadoop/share/hadoop/yarn/hadoop-yarn-registry-3.4.2.jar:/opt/hadoop/share/hadoop/yarn/hadoop-yarn-services-core-3.4.2.jar:/opt/hadoop/share/hadoop/yarn/hadoop-yarn-server-resourcemanager-3.4.2.jar:/opt/hadoop/share/hadoop/yarn/hadoop-yarn-server-applicationhistoryservice-3.4.2.jar:/opt/hadoop/share/hadoop/yarn/hadoop-yarn-server-common-3.4.2.jar:/opt/hadoop/share/hadoop/yarn/hadoop-yarn-server-web-proxy-3.4.2.jar:/opt/hadoop/share/hadoop/yarn/hadoop-yarn-services-api-3.4.2.jar:/opt/hadoop/share/hadoop/yarn/hadoop-yarn-applications-mawo-core-3.4.2.jar:/opt/hadoop/share/hadoop/yarn/hadoop-yarn-server-nodemanager-3.4.2.jar:/opt/hadoop/share/hadoop/yarn/hadoop-yarn-common-3.4.2.jar
STARTUP_MSG:   build = https://github.com/apache/hadoop.git -r 84e8b89ee2ebe6923691205b9e171badde7a495c; compiled by 'ahmarsu' on 2025-08-20T10:30Z
STARTUP_MSG:   java = 11.0.30
************************************************************/
2026-03-03 17:32:51,949 INFO namenode.NameNode: registered UNIX signal handlers for [TERM, HUP, INT]
2026-03-03 17:32:52,267 INFO namenode.NameNode: createNameNode [-format, -clusterId, clusterA, -force]
2026-03-03 17:32:53,538 INFO common.Util: Assuming 'file' scheme for path /var/hadoop/namenode in configuration.
2026-03-03 17:32:53,542 INFO common.Util: Assuming 'file' scheme for path /var/hadoop/namenode in configuration.
2026-03-03 17:32:53,547 INFO namenode.NameNode: Formatting using clusterid: clusterA
2026-03-03 17:32:53,650 INFO namenode.FSEditLog: Edit logging is async:true
2026-03-03 17:32:53,712 INFO namenode.FSNamesystem: KeyProvider: null
2026-03-03 17:32:53,718 INFO namenode.FSNamesystem: fsLock is fair: true
2026-03-03 17:32:53,720 INFO namenode.FSNamesystem: Detailed lock hold time metrics enabled: false
2026-03-03 17:32:53,767 INFO namenode.FSNamesystem: fsOwner                = root (auth:SIMPLE)
2026-03-03 17:32:53,768 INFO namenode.FSNamesystem: supergroup             = supergroup
2026-03-03 17:32:53,768 INFO namenode.FSNamesystem: isPermissionEnabled    = true
2026-03-03 17:32:53,768 INFO namenode.FSNamesystem: isStoragePolicyEnabled = true
2026-03-03 17:32:53,769 INFO namenode.FSNamesystem: Determined nameservice ID: clusterA
2026-03-03 17:32:53,769 INFO namenode.FSNamesystem: HA Enabled: true
2026-03-03 17:32:53,884 INFO common.Util: dfs.datanode.fileio.profiling.sampling.percentage set to 0. Disabling file IO profiling
2026-03-03 17:32:54,266 INFO blockmanagement.DatanodeManager: Slow peers collection thread shutdown
2026-03-03 17:32:54,326 INFO blockmanagement.DatanodeManager: dfs.block.invalidate.limit : configured=1000, counted=60, effected=1000
2026-03-03 17:32:54,326 INFO blockmanagement.DatanodeManager: dfs.namenode.datanode.registration.ip-hostname-check=true
2026-03-03 17:32:54,343 INFO blockmanagement.BlockManager: dfs.namenode.startup.delay.block.deletion.sec is set to 000:00:00:00.000
2026-03-03 17:32:54,344 INFO blockmanagement.BlockManager: The block deletion will start around 2026 Mar 03 17:32:54
2026-03-03 17:32:54,358 INFO util.GSet: Computing capacity for map BlocksMap
2026-03-03 17:32:54,359 INFO util.GSet: VM type       = 64-bit
2026-03-03 17:32:54,364 INFO util.GSet: 2.0% max memory 1.9 GB = 39.2 MB
2026-03-03 17:32:54,364 INFO util.GSet: capacity      = 2^22 = 4194304 entries
2026-03-03 17:32:54,456 INFO blockmanagement.BlockManager: Storage policy satisfier is disabled
2026-03-03 17:32:54,457 INFO blockmanagement.BlockManager: dfs.block.access.token.enable = false
2026-03-03 17:32:54,485 INFO blockmanagement.BlockManagerSafeMode: Using 1000 as SafeModeMonitor Interval
2026-03-03 17:32:54,486 INFO blockmanagement.BlockManagerSafeMode: dfs.namenode.safemode.threshold-pct = 0.999
2026-03-03 17:32:54,486 INFO blockmanagement.BlockManagerSafeMode: dfs.namenode.safemode.min.datanodes = 0
2026-03-03 17:32:54,486 INFO blockmanagement.BlockManagerSafeMode: dfs.namenode.safemode.extension = 30000
2026-03-03 17:32:54,490 INFO blockmanagement.BlockManager: defaultReplication         = 1
2026-03-03 17:32:54,491 INFO blockmanagement.BlockManager: maxReplication             = 512
2026-03-03 17:32:54,491 INFO blockmanagement.BlockManager: minReplication             = 1
2026-03-03 17:32:54,491 INFO blockmanagement.BlockManager: maxReplicationStreams      = 2
2026-03-03 17:32:54,491 INFO blockmanagement.BlockManager: redundancyRecheckInterval  = 3000ms
2026-03-03 17:32:54,491 INFO blockmanagement.BlockManager: encryptDataTransfer        = false
2026-03-03 17:32:54,491 INFO blockmanagement.BlockManager: maxNumBlocksToLog          = 1000
2026-03-03 17:32:54,626 INFO namenode.FSDirectory: GLOBAL serial map: bits=29 maxEntries=536870911
2026-03-03 17:32:54,626 INFO namenode.FSDirectory: USER serial map: bits=24 maxEntries=16777215
2026-03-03 17:32:54,627 INFO namenode.FSDirectory: GROUP serial map: bits=24 maxEntries=16777215
2026-03-03 17:32:54,627 INFO namenode.FSDirectory: XATTR serial map: bits=24 maxEntries=16777215
2026-03-03 17:32:54,667 INFO util.GSet: Computing capacity for map INodeMap
2026-03-03 17:32:54,667 INFO util.GSet: VM type       = 64-bit
2026-03-03 17:32:54,667 INFO util.GSet: 1.0% max memory 1.9 GB = 19.6 MB
2026-03-03 17:32:54,667 INFO util.GSet: capacity      = 2^21 = 2097152 entries
2026-03-03 17:32:54,697 INFO namenode.FSDirectory: ACLs enabled? true
2026-03-03 17:32:54,697 INFO namenode.FSDirectory: POSIX ACL inheritance enabled? true
2026-03-03 17:32:54,698 INFO namenode.FSDirectory: XAttrs enabled? true
2026-03-03 17:32:54,698 INFO namenode.NameNode: Caching file names occurring more than 10 times
2026-03-03 17:32:54,718 INFO snapshot.SnapshotManager: Loaded config captureOpenFiles: false, skipCaptureAccessTimeOnlyChange: false, snapshotDiffAllowSnapRootDescendant: true, maxSnapshotFSLimit: 65536, maxSnapshotLimit: 65536
2026-03-03 17:32:54,719 INFO snapshot.SnapshotManager: dfs.namenode.snapshot.deletion.ordered = false
2026-03-03 17:32:54,728 INFO snapshot.SnapshotManager: SkipList is disabled
2026-03-03 17:32:54,742 INFO util.GSet: Computing capacity for map cachedBlocks
2026-03-03 17:32:54,742 INFO util.GSet: VM type       = 64-bit
2026-03-03 17:32:54,743 INFO util.GSet: 0.25% max memory 1.9 GB = 4.9 MB
2026-03-03 17:32:54,743 INFO util.GSet: capacity      = 2^19 = 524288 entries
2026-03-03 17:32:54,771 INFO metrics.TopMetrics: NNTop conf: dfs.namenode.top.window.num.buckets = 10
2026-03-03 17:32:54,772 INFO metrics.TopMetrics: NNTop conf: dfs.namenode.top.num.users = 10
2026-03-03 17:32:54,772 INFO metrics.TopMetrics: NNTop conf: dfs.namenode.top.windows.minutes = 1,5,25
2026-03-03 17:32:54,785 INFO namenode.FSNamesystem: Retry cache on namenode is enabled
2026-03-03 17:32:54,786 INFO namenode.FSNamesystem: Retry cache will use 0.03 of total heap and retry cache entry expiry time is 600000 millis
2026-03-03 17:32:54,795 INFO util.GSet: Computing capacity for map NameNodeRetryCache
2026-03-03 17:32:54,795 INFO util.GSet: VM type       = 64-bit
2026-03-03 17:32:54,796 INFO util.GSet: 0.029999999329447746% max memory 1.9 GB = 602.1 KB
2026-03-03 17:32:54,796 INFO util.GSet: capacity      = 2^16 = 65536 entries
2026-03-03 17:32:58,372 INFO namenode.FSImage: Allocated new BlockPoolId: BP-1221123624-172.19.0.3-1772551978336
2026-03-03 17:32:58,543 INFO common.Storage: Storage directory /var/hadoop/namenode has been successfully formatted.
2026-03-03 17:32:59,260 INFO namenode.FSImageFormatProtobuf: Saving image file /var/hadoop/namenode/current/fsimage.ckpt_0000000000000000000 using no compression
2026-03-03 17:32:59,678 INFO namenode.FSImageFormatProtobuf: Image file /var/hadoop/namenode/current/fsimage.ckpt_0000000000000000000 of size 399 bytes saved in 0 seconds .
2026-03-03 17:32:59,727 INFO namenode.NNStorageRetentionManager: Going to retain 1 images with txid >= 0
2026-03-03 17:32:59,886 INFO blockmanagement.DatanodeManager: Slow peers collection thread shutdown
2026-03-03 17:32:59,963 INFO namenode.FSNamesystem: Stopping services started for active state
2026-03-03 17:32:59,965 INFO namenode.FSNamesystem: Stopping services started for standby state
2026-03-03 17:32:59,976 INFO namenode.FSImage: FSImageSaver clean checkpoint: txid=0 when meet shutdown.
2026-03-03 17:32:59,980 INFO namenode.NameNode: SHUTDOWN_MSG: 
/************************************************************
SHUTDOWN_MSG: Shutting down NameNode at node01/172.19.0.3
************************************************************/
[17:33:00] [node01] ✅ NameNode formatted
[17:33:00] [node01] Initializing ZooKeeper failover controller...
2026-03-03 17:33:02,148 INFO tools.DFSZKFailoverController: STARTUP_MSG: 
/************************************************************
STARTUP_MSG: Starting DFSZKFailoverController
STARTUP_MSG:   host = node01/172.19.0.3
STARTUP_MSG:   args = [-formatZK, -force]
STARTUP_MSG:   version = 3.4.2
STARTUP_MSG:   classpath = /opt/hadoop/etc/hadoop:/opt/hadoop/share/hadoop/common/lib/netty-transport-native-epoll-4.1.118.Final.jar:/opt/hadoop/share/hadoop/common/lib/commons-net-3.9.0.jar:/opt/hadoop/share/hadoop/common/lib/commons-collections4-4.4.jar:/opt/hadoop/share/hadoop/common/lib/jersey-servlet-1.19.4.jar:/opt/hadoop/share/hadoop/common/lib/woodstox-core-5.4.0.jar:/opt/hadoop/share/hadoop/common/lib/jetty-io-9.4.57.v20241219.jar:/opt/hadoop/share/hadoop/common/lib/javax.servlet-api-3.1.0.jar:/opt/hadoop/share/hadoop/common/lib/kerby-pkix-2.0.3.jar:/opt/hadoop/share/hadoop/common/lib/netty-transport-classes-kqueue-4.1.118.Final.jar:/opt/hadoop/share/hadoop/common/lib/jersey-json-1.22.0.jar:/opt/hadoop/share/hadoop/common/lib/netty-transport-native-epoll-4.1.118.Final-linux-aarch_64.jar:/opt/hadoop/share/hadoop/common/lib/netty-transport-native-kqueue-4.1.118.Final-osx-x86_64.jar:/opt/hadoop/share/hadoop/common/lib/zookeeper-3.8.4.jar:/opt/hadoop/share/hadoop/common/lib/jetty-http-9.4.57.v20241219.jar:/opt/hadoop/share/hadoop/common/lib/netty-handler-4.1.118.Final.jar:/opt/hadoop/share/hadoop/common/lib/netty-transport-native-epoll-4.1.118.Final-linux-riscv64.jar:/opt/hadoop/share/hadoop/common/lib/jetty-util-ajax-9.4.57.v20241219.jar:/opt/hadoop/share/hadoop/common/lib/jsp-api-2.1.jar:/opt/hadoop/share/hadoop/common/lib/commons-lang3-3.17.0.jar:/opt/hadoop/share/hadoop/common/lib/jettison-1.5.4.jar:/opt/hadoop/share/hadoop/common/lib/jakarta.activation-api-1.2.1.jar:/opt/hadoop/share/hadoop/common/lib/netty-codec-memcache-4.1.118.Final.jar:/opt/hadoop/share/hadoop/common/lib/netty-transport-udt-4.1.118.Final.jar:/opt/hadoop/share/hadoop/common/lib/jetty-servlet-9.4.57.v20241219.jar:/opt/hadoop/share/hadoop/common/lib/slf4j-reload4j-1.7.36.jar:/opt/hadoop/share/hadoop/common/lib/nimbus-jose-jwt-9.37.2.jar:/opt/hadoop/share/hadoop/common/lib/bcprov-jdk18on-1.78.1.jar:/opt/hadoop/share/hadoop/common/lib/commons-math3-3.6.1.jar:/opt/hadoop/share/hadoop/common/lib/kerby-util-2.0.3.jar:/opt/hadoop/share/hadoop/common/lib/hadoop-shaded-guava-1.4.0.jar:/opt/hadoop/share/hadoop/common/lib/commons-configuration2-2.10.1.jar:/opt/hadoop/share/hadoop/common/lib/kerb-core-2.0.3.jar:/opt/hadoop/share/hadoop/common/lib/jcip-annotations-1.0-1.jar:/opt/hadoop/share/hadoop/common/lib/failureaccess-1.0.jar:/opt/hadoop/share/hadoop/common/lib/netty-codec-smtp-4.1.118.Final.jar:/opt/hadoop/share/hadoop/common/lib/jaxb-api-2.2.11.jar:/opt/hadoop/share/hadoop/common/lib/curator-framework-5.2.0.jar:/opt/hadoop/share/hadoop/common/lib/jackson-databind-2.12.7.1.jar:/opt/hadoop/share/hadoop/common/lib/metrics-core-3.2.4.jar:/opt/hadoop/share/hadoop/common/lib/curator-client-5.2.0.jar:/opt/hadoop/share/hadoop/common/lib/kerb-crypto-2.0.3.jar:/opt/hadoop/share/hadoop/common/lib/netty-codec-4.1.118.Final.jar:/opt/hadoop/share/hadoop/common/lib/hadoop-annotations-3.4.2.jar:/opt/hadoop/share/hadoop/common/lib/netty-resolver-dns-native-macos-4.1.118.Final-osx-aarch_64.jar:/opt/hadoop/share/hadoop/common/lib/j2objc-annotations-1.1.jar:/opt/hadoop/share/hadoop/common/lib/commons-daemon-1.0.13.jar:/opt/hadoop/share/hadoop/common/lib/jackson-annotations-2.12.7.jar:/opt/hadoop/share/hadoop/common/lib/netty-transport-native-epoll-4.1.118.Final-linux-x86_64.jar:/opt/hadoop/share/hadoop/common/lib/re2j-1.1.jar:/opt/hadoop/share/hadoop/common/lib/commons-io-2.16.1.jar:/opt/hadoop/share/hadoop/common/lib/guava-27.0-jre.jar:/opt/hadoop/share/hadoop/common/lib/gson-2.9.0.jar:/opt/hadoop/share/hadoop/common/lib/kerby-config-2.0.3.jar:/opt/hadoop/share/hadoop/common/lib/netty-codec-haproxy-4.1.118.Final.jar:/opt/hadoop/share/hadoop/common/lib/netty-transport-rxtx-4.1.118.Final.jar:/opt/hadoop/share/hadoop/common/lib/jsr311-api-1.1.1.jar:/opt/hadoop/share/hadoop/common/lib/jetty-security-9.4.57.v20241219.jar:/opt/hadoop/share/hadoop/common/lib/netty-transport-native-unix-common-4.1.118.Final.jar:/opt/hadoop/share/hadoop/common/lib/netty-resolver-dns-4.1.118.Final.jar:/opt/hadoop/share/hadoop/common/lib/dnsjava-3.6.1.jar:/opt/hadoop/share/hadoop/common/lib/netty-transport-classes-epoll-4.1.118.Final.jar:/opt/hadoop/share/hadoop/common/lib/netty-handler-ssl-ocsp-4.1.118.Final.jar:/opt/hadoop/share/hadoop/common/lib/netty-common-4.1.118.Final.jar:/opt/hadoop/share/hadoop/common/lib/httpclient-4.5.13.jar:/opt/hadoop/share/hadoop/common/lib/netty-resolver-dns-classes-macos-4.1.118.Final.jar:/opt/hadoop/share/hadoop/common/lib/netty-resolver-dns-native-macos-4.1.118.Final-osx-x86_64.jar:/opt/hadoop/share/hadoop/common/lib/kerb-util-2.0.3.jar:/opt/hadoop/share/hadoop/common/lib/netty-codec-http2-4.1.118.Final.jar:/opt/hadoop/share/hadoop/common/lib/commons-logging-1.3.0.jar:/opt/hadoop/share/hadoop/common/lib/jetty-server-9.4.57.v20241219.jar:/opt/hadoop/share/hadoop/common/lib/netty-transport-native-kqueue-4.1.118.Final-osx-aarch_64.jar:/opt/hadoop/share/hadoop/common/lib/netty-codec-redis-4.1.118.Final.jar:/opt/hadoop/share/hadoop/common/lib/netty-codec-socks-4.1.118.Final.jar:/opt/hadoop/share/hadoop/common/lib/jsch-0.1.55.jar:/opt/hadoop/share/hadoop/common/lib/hadoop-shaded-protobuf_3_25-1.4.0.jar:/opt/hadoop/share/hadoop/common/lib/jul-to-slf4j-1.7.36.jar:/opt/hadoop/share/hadoop/common/lib/kerby-asn1-2.0.3.jar:/opt/hadoop/share/hadoop/common/lib/jersey-server-1.19.4.jar:/opt/hadoop/share/hadoop/common/lib/checker-qual-2.5.2.jar:/opt/hadoop/share/hadoop/common/lib/slf4j-api-1.7.36.jar:/opt/hadoop/share/hadoop/common/lib/netty-codec-mqtt-4.1.118.Final.jar:/opt/hadoop/share/hadoop/common/lib/netty-handler-proxy-4.1.118.Final.jar:/opt/hadoop/share/hadoop/common/lib/netty-codec-xml-4.1.118.Final.jar:/opt/hadoop/share/hadoop/common/lib/zookeeper-jute-3.8.4.jar:/opt/hadoop/share/hadoop/common/lib/netty-transport-sctp-4.1.118.Final.jar:/opt/hadoop/share/hadoop/common/lib/jsr305-3.0.2.jar:/opt/hadoop/share/hadoop/common/lib/jaxb-impl-2.2.3-1.jar:/opt/hadoop/share/hadoop/common/lib/netty-all-4.1.118.Final.jar:/opt/hadoop/share/hadoop/common/lib/stax2-api-4.2.1.jar:/opt/hadoop/share/hadoop/common/lib/httpcore-4.4.13.jar:/opt/hadoop/share/hadoop/common/lib/commons-compress-1.26.1.jar:/opt/hadoop/share/hadoop/common/lib/commons-codec-1.15.jar:/opt/hadoop/share/hadoop/common/lib/jackson-core-2.12.7.jar:/opt/hadoop/share/hadoop/common/lib/netty-codec-stomp-4.1.118.Final.jar:/opt/hadoop/share/hadoop/common/lib/jetty-xml-9.4.57.v20241219.jar:/opt/hadoop/share/hadoop/common/lib/netty-resolver-4.1.118.Final.jar:/opt/hadoop/share/hadoop/common/lib/jetty-webapp-9.4.57.v20241219.jar:/opt/hadoop/share/hadoop/common/lib/jetty-util-9.4.57.v20241219.jar:/opt/hadoop/share/hadoop/common/lib/avro-1.11.4.jar:/opt/hadoop/share/hadoop/common/lib/reload4j-1.2.22.jar:/opt/hadoop/share/hadoop/common/lib/commons-cli-1.9.0.jar:/opt/hadoop/share/hadoop/common/lib/netty-codec-dns-4.1.118.Final.jar:/opt/hadoop/share/hadoop/common/lib/jersey-core-1.19.4.jar:/opt/hadoop/share/hadoop/common/lib/netty-transport-4.1.118.Final.jar:/opt/hadoop/share/hadoop/common/lib/netty-codec-http-4.1.118.Final.jar:/opt/hadoop/share/hadoop/common/lib/audience-annotations-0.12.0.jar:/opt/hadoop/share/hadoop/common/lib/animal-sniffer-annotations-1.17.jar:/opt/hadoop/share/hadoop/common/lib/listenablefuture-9999.0-empty-to-avoid-conflict-with-guava.jar:/opt/hadoop/share/hadoop/common/lib/commons-text-1.10.0.jar:/opt/hadoop/share/hadoop/common/lib/netty-buffer-4.1.118.Final.jar:/opt/hadoop/share/hadoop/common/lib/snappy-java-1.1.10.4.jar:/opt/hadoop/share/hadoop/common/lib/hadoop-auth-3.4.2.jar:/opt/hadoop/share/hadoop/common/lib/curator-recipes-5.2.0.jar:/opt/hadoop/share/hadoop/common/hadoop-common-3.4.2.jar:/opt/hadoop/share/hadoop/common/hadoop-kms-3.4.2.jar:/opt/hadoop/share/hadoop/common/hadoop-common-3.4.2-tests.jar:/opt/hadoop/share/hadoop/common/hadoop-nfs-3.4.2.jar:/opt/hadoop/share/hadoop/common/hadoop-registry-3.4.2.jar:/opt/hadoop/share/hadoop/hdfs:/opt/hadoop/share/hadoop/hdfs/lib/netty-transport-native-epoll-4.1.118.Final.jar:/opt/hadoop/share/hadoop/hdfs/lib/commons-net-3.9.0.jar:/opt/hadoop/share/hadoop/hdfs/lib/commons-collections4-4.4.jar:/opt/hadoop/share/hadoop/hdfs/lib/jersey-servlet-1.19.4.jar:/opt/hadoop/share/hadoop/hdfs/lib/woodstox-core-5.4.0.jar:/opt/hadoop/share/hadoop/hdfs/lib/jetty-io-9.4.57.v20241219.jar:/opt/hadoop/share/hadoop/hdfs/lib/javax.servlet-api-3.1.0.jar:/opt/hadoop/share/hadoop/hdfs/lib/kerby-pkix-2.0.3.jar:/opt/hadoop/share/hadoop/hdfs/lib/netty-transport-classes-kqueue-4.1.118.Final.jar:/opt/hadoop/share/hadoop/hdfs/lib/jersey-json-1.22.0.jar:/opt/hadoop/share/hadoop/hdfs/lib/netty-transport-native-epoll-4.1.118.Final-linux-aarch_64.jar:/opt/hadoop/share/hadoop/hdfs/lib/netty-transport-native-kqueue-4.1.118.Final-osx-x86_64.jar:/opt/hadoop/share/hadoop/hdfs/lib/zookeeper-3.8.4.jar:/opt/hadoop/share/hadoop/hdfs/lib/jetty-http-9.4.57.v20241219.jar:/opt/hadoop/share/hadoop/hdfs/lib/netty-handler-4.1.118.Final.jar:/opt/hadoop/share/hadoop/hdfs/lib/netty-transport-native-epoll-4.1.118.Final-linux-riscv64.jar:/opt/hadoop/share/hadoop/hdfs/lib/jetty-util-ajax-9.4.57.v20241219.jar:/opt/hadoop/share/hadoop/hdfs/lib/commons-lang3-3.17.0.jar:/opt/hadoop/share/hadoop/hdfs/lib/jettison-1.5.4.jar:/opt/hadoop/share/hadoop/hdfs/lib/jakarta.activation-api-1.2.1.jar:/opt/hadoop/share/hadoop/hdfs/lib/netty-codec-memcache-4.1.118.Final.jar:/opt/hadoop/share/hadoop/hdfs/lib/netty-transport-udt-4.1.118.Final.jar:/opt/hadoop/share/hadoop/hdfs/lib/jetty-servlet-9.4.57.v20241219.jar:/opt/hadoop/share/hadoop/hdfs/lib/nimbus-jose-jwt-9.37.2.jar:/opt/hadoop/share/hadoop/hdfs/lib/commons-math3-3.6.1.jar:/opt/hadoop/share/hadoop/hdfs/lib/kerby-util-2.0.3.jar:/opt/hadoop/share/hadoop/hdfs/lib/hadoop-shaded-guava-1.4.0.jar:/opt/hadoop/share/hadoop/hdfs/lib/commons-configuration2-2.10.1.jar:/opt/hadoop/share/hadoop/hdfs/lib/kerb-core-2.0.3.jar:/opt/hadoop/share/hadoop/hdfs/lib/jcip-annotations-1.0-1.jar:/opt/hadoop/share/hadoop/hdfs/lib/failureaccess-1.0.jar:/opt/hadoop/share/hadoop/hdfs/lib/netty-codec-smtp-4.1.118.Final.jar:/opt/hadoop/share/hadoop/hdfs/lib/jaxb-api-2.2.11.jar:/opt/hadoop/share/hadoop/hdfs/lib/curator-framework-5.2.0.jar:/opt/hadoop/share/hadoop/hdfs/lib/jackson-databind-2.12.7.1.jar:/opt/hadoop/share/hadoop/hdfs/lib/metrics-core-3.2.4.jar:/opt/hadoop/share/hadoop/hdfs/lib/curator-client-5.2.0.jar:/opt/hadoop/share/hadoop/hdfs/lib/kerb-crypto-2.0.3.jar:/opt/hadoop/share/hadoop/hdfs/lib/netty-codec-4.1.118.Final.jar:/opt/hadoop/share/hadoop/hdfs/lib/hadoop-annotations-3.4.2.jar:/opt/hadoop/share/hadoop/hdfs/lib/netty-resolver-dns-native-macos-4.1.118.Final-osx-aarch_64.jar:/opt/hadoop/share/hadoop/hdfs/lib/j2objc-annotations-1.1.jar:/opt/hadoop/share/hadoop/hdfs/lib/commons-daemon-1.0.13.jar:/opt/hadoop/share/hadoop/hdfs/lib/jackson-annotations-2.12.7.jar:/opt/hadoop/share/hadoop/hdfs/lib/netty-transport-native-epoll-4.1.118.Final-linux-x86_64.jar:/opt/hadoop/share/hadoop/hdfs/lib/re2j-1.1.jar:/opt/hadoop/share/hadoop/hdfs/lib/commons-io-2.16.1.jar:/opt/hadoop/share/hadoop/hdfs/lib/guava-27.0-jre.jar:/opt/hadoop/share/hadoop/hdfs/lib/gson-2.9.0.jar:/opt/hadoop/share/hadoop/hdfs/lib/kerby-config-2.0.3.jar:/opt/hadoop/share/hadoop/hdfs/lib/netty-codec-haproxy-4.1.118.Final.jar:/opt/hadoop/share/hadoop/hdfs/lib/netty-transport-rxtx-4.1.118.Final.jar:/opt/hadoop/share/hadoop/hdfs/lib/jsr311-api-1.1.1.jar:/opt/hadoop/share/hadoop/hdfs/lib/jetty-security-9.4.57.v20241219.jar:/opt/hadoop/share/hadoop/hdfs/lib/netty-transport-native-unix-common-4.1.118.Final.jar:/opt/hadoop/share/hadoop/hdfs/lib/netty-resolver-dns-4.1.118.Final.jar:/opt/hadoop/share/hadoop/hdfs/lib/dnsjava-3.6.1.jar:/opt/hadoop/share/hadoop/hdfs/lib/netty-transport-classes-epoll-4.1.118.Final.jar:/opt/hadoop/share/hadoop/hdfs/lib/netty-handler-ssl-ocsp-4.1.118.Final.jar:/opt/hadoop/share/hadoop/hdfs/lib/netty-common-4.1.118.Final.jar:/opt/hadoop/share/hadoop/hdfs/lib/httpclient-4.5.13.jar:/opt/hadoop/share/hadoop/hdfs/lib/netty-resolver-dns-classes-macos-4.1.118.Final.jar:/opt/hadoop/share/hadoop/hdfs/lib/netty-resolver-dns-native-macos-4.1.118.Final-osx-x86_64.jar:/opt/hadoop/share/hadoop/hdfs/lib/kerb-util-2.0.3.jar:/opt/hadoop/share/hadoop/hdfs/lib/netty-codec-http2-4.1.118.Final.jar:/opt/hadoop/share/hadoop/hdfs/lib/commons-logging-1.3.0.jar:/opt/hadoop/share/hadoop/hdfs/lib/jetty-server-9.4.57.v20241219.jar:/opt/hadoop/share/hadoop/hdfs/lib/netty-transport-native-kqueue-4.1.118.Final-osx-aarch_64.jar:/opt/hadoop/share/hadoop/hdfs/lib/netty-codec-redis-4.1.118.Final.jar:/opt/hadoop/share/hadoop/hdfs/lib/netty-codec-socks-4.1.118.Final.jar:/opt/hadoop/share/hadoop/hdfs/lib/jsch-0.1.55.jar:/opt/hadoop/share/hadoop/hdfs/lib/hadoop-shaded-protobuf_3_25-1.4.0.jar:/opt/hadoop/share/hadoop/hdfs/lib/kerby-asn1-2.0.3.jar:/opt/hadoop/share/hadoop/hdfs/lib/jersey-server-1.19.4.jar:/opt/hadoop/share/hadoop/hdfs/lib/checker-qual-2.5.2.jar:/opt/hadoop/share/hadoop/hdfs/lib/HikariCP-4.0.3.jar:/opt/hadoop/share/hadoop/hdfs/lib/netty-codec-mqtt-4.1.118.Final.jar:/opt/hadoop/share/hadoop/hdfs/lib/netty-handler-proxy-4.1.118.Final.jar:/opt/hadoop/share/hadoop/hdfs/lib/netty-codec-xml-4.1.118.Final.jar:/opt/hadoop/share/hadoop/hdfs/lib/zookeeper-jute-3.8.4.jar:/opt/hadoop/share/hadoop/hdfs/lib/netty-transport-sctp-4.1.118.Final.jar:/opt/hadoop/share/hadoop/hdfs/lib/leveldbjni-all-1.8.jar:/opt/hadoop/share/hadoop/hdfs/lib/jsr305-3.0.2.jar:/opt/hadoop/share/hadoop/hdfs/lib/jaxb-impl-2.2.3-1.jar:/opt/hadoop/share/hadoop/hdfs/lib/netty-all-4.1.118.Final.jar:/opt/hadoop/share/hadoop/hdfs/lib/stax2-api-4.2.1.jar:/opt/hadoop/share/hadoop/hdfs/lib/httpcore-4.4.13.jar:/opt/hadoop/share/hadoop/hdfs/lib/commons-compress-1.26.1.jar:/opt/hadoop/share/hadoop/hdfs/lib/commons-codec-1.15.jar:/opt/hadoop/share/hadoop/hdfs/lib/jackson-core-2.12.7.jar:/opt/hadoop/share/hadoop/hdfs/lib/netty-codec-stomp-4.1.118.Final.jar:/opt/hadoop/share/hadoop/hdfs/lib/jetty-xml-9.4.57.v20241219.jar:/opt/hadoop/share/hadoop/hdfs/lib/netty-resolver-4.1.118.Final.jar:/opt/hadoop/share/hadoop/hdfs/lib/jetty-webapp-9.4.57.v20241219.jar:/opt/hadoop/share/hadoop/hdfs/lib/jetty-util-9.4.57.v20241219.jar:/opt/hadoop/share/hadoop/hdfs/lib/json-simple-1.1.1.jar:/opt/hadoop/share/hadoop/hdfs/lib/avro-1.11.4.jar:/opt/hadoop/share/hadoop/hdfs/lib/reload4j-1.2.22.jar:/opt/hadoop/share/hadoop/hdfs/lib/commons-cli-1.9.0.jar:/opt/hadoop/share/hadoop/hdfs/lib/netty-codec-dns-4.1.118.Final.jar:/opt/hadoop/share/hadoop/hdfs/lib/jersey-core-1.19.4.jar:/opt/hadoop/share/hadoop/hdfs/lib/netty-transport-4.1.118.Final.jar:/opt/hadoop/share/hadoop/hdfs/lib/netty-codec-http-4.1.118.Final.jar:/opt/hadoop/share/hadoop/hdfs/lib/audience-annotations-0.12.0.jar:/opt/hadoop/share/hadoop/hdfs/lib/animal-sniffer-annotations-1.17.jar:/opt/hadoop/share/hadoop/hdfs/lib/listenablefuture-9999.0-empty-to-avoid-conflict-with-guava.jar:/opt/hadoop/share/hadoop/hdfs/lib/commons-text-1.10.0.jar:/opt/hadoop/share/hadoop/hdfs/lib/netty-buffer-4.1.118.Final.jar:/opt/hadoop/share/hadoop/hdfs/lib/snappy-java-1.1.10.4.jar:/opt/hadoop/share/hadoop/hdfs/lib/hadoop-auth-3.4.2.jar:/opt/hadoop/share/hadoop/hdfs/lib/curator-recipes-5.2.0.jar:/opt/hadoop/share/hadoop/hdfs/hadoop-hdfs-rbf-3.4.2.jar:/opt/hadoop/share/hadoop/hdfs/hadoop-hdfs-client-3.4.2.jar:/opt/hadoop/share/hadoop/hdfs/hadoop-hdfs-native-client-3.4.2.jar:/opt/hadoop/share/hadoop/hdfs/hadoop-hdfs-nfs-3.4.2.jar:/opt/hadoop/share/hadoop/hdfs/hadoop-hdfs-3.4.2-tests.jar:/opt/hadoop/share/hadoop/hdfs/hadoop-hdfs-3.4.2.jar:/opt/hadoop/share/hadoop/hdfs/hadoop-hdfs-rbf-3.4.2-tests.jar:/opt/hadoop/share/hadoop/hdfs/hadoop-hdfs-httpfs-3.4.2.jar:/opt/hadoop/share/hadoop/hdfs/hadoop-hdfs-client-3.4.2-tests.jar:/opt/hadoop/share/hadoop/hdfs/hadoop-hdfs-native-client-3.4.2-tests.jar:/opt/hadoop/share/hadoop/mapreduce/hadoop-mapreduce-client-core-3.4.2.jar:/opt/hadoop/share/hadoop/mapreduce/hadoop-mapreduce-client-app-3.4.2.jar:/opt/hadoop/share/hadoop/mapreduce/hadoop-mapreduce-examples-3.4.2.jar:/opt/hadoop/share/hadoop/mapreduce/hadoop-mapreduce-client-hs-plugins-3.4.2.jar:/opt/hadoop/share/hadoop/mapreduce/hadoop-mapreduce-client-shuffle-3.4.2.jar:/opt/hadoop/share/hadoop/mapreduce/hadoop-mapreduce-client-common-3.4.2.jar:/opt/hadoop/share/hadoop/mapreduce/hadoop-mapreduce-client-jobclient-3.4.2.jar:/opt/hadoop/share/hadoop/mapreduce/hadoop-mapreduce-client-nativetask-3.4.2.jar:/opt/hadoop/share/hadoop/mapreduce/hadoop-mapreduce-client-hs-3.4.2.jar:/opt/hadoop/share/hadoop/mapreduce/hadoop-mapreduce-client-uploader-3.4.2.jar:/opt/hadoop/share/hadoop/mapreduce/hadoop-mapreduce-client-jobclient-3.4.2-tests.jar:/opt/hadoop/share/hadoop/yarn:/opt/hadoop/share/hadoop/yarn/lib/jackson-jaxrs-base-2.12.7.jar:/opt/hadoop/share/hadoop/yarn/lib/websocket-client-9.4.57.v20241219.jar:/opt/hadoop/share/hadoop/yarn/lib/swagger-annotations-1.5.4.jar:/opt/hadoop/share/hadoop/yarn/lib/jetty-annotations-9.4.57.v20241219.jar:/opt/hadoop/share/hadoop/yarn/lib/txw2-2.3.1.jar:/opt/hadoop/share/hadoop/yarn/lib/javax-websocket-server-impl-9.4.57.v20241219.jar:/opt/hadoop/share/hadoop/yarn/lib/mssql-jdbc-6.2.1.jre7.jar:/opt/hadoop/share/hadoop/yarn/lib/jetty-plus-9.4.57.v20241219.jar:/opt/hadoop/share/hadoop/yarn/lib/jaxb-runtime-2.3.1.jar:/opt/hadoop/share/hadoop/yarn/lib/jersey-guice-1.19.4.jar:/opt/hadoop/share/hadoop/yarn/lib/FastInfoset-1.2.15.jar:/opt/hadoop/share/hadoop/yarn/lib/stax-ex-1.8.jar:/opt/hadoop/share/hadoop/yarn/lib/bcutil-jdk18on-1.78.1.jar:/opt/hadoop/share/hadoop/yarn/lib/jetty-client-9.4.57.v20241219.jar:/opt/hadoop/share/hadoop/yarn/lib/jakarta.xml.bind-api-2.3.2.jar:/opt/hadoop/share/hadoop/yarn/lib/asm-tree-9.7.1.jar:/opt/hadoop/share/hadoop/yarn/lib/javax.inject-1.jar:/opt/hadoop/share/hadoop/yarn/lib/objenesis-2.6.jar:/opt/hadoop/share/hadoop/yarn/lib/websocket-api-9.4.57.v20241219.jar:/opt/hadoop/share/hadoop/yarn/lib/jsonschema2pojo-core-1.0.2.jar:/opt/hadoop/share/hadoop/yarn/lib/jetty-jndi-9.4.57.v20241219.jar:/opt/hadoop/share/hadoop/yarn/lib/javax.websocket-api-1.0.jar:/opt/hadoop/share/hadoop/yarn/lib/javax.activation-api-1.2.0.jar:/opt/hadoop/share/hadoop/yarn/lib/istack-commons-runtime-3.0.7.jar:/opt/hadoop/share/hadoop/yarn/lib/websocket-server-9.4.57.v20241219.jar:/opt/hadoop/share/hadoop/yarn/lib/jersey-client-1.19.4.jar:/opt/hadoop/share/hadoop/yarn/lib/jline-3.9.0.jar:/opt/hadoop/share/hadoop/yarn/lib/jna-5.2.0.jar:/opt/hadoop/share/hadoop/yarn/lib/codemodel-2.6.jar:/opt/hadoop/share/hadoop/yarn/lib/snakeyaml-2.0.jar:/opt/hadoop/share/hadoop/yarn/lib/guice-servlet-4.2.3.jar:/opt/hadoop/share/hadoop/yarn/lib/jackson-module-jaxb-annotations-2.12.7.jar:/opt/hadoop/share/hadoop/yarn/lib/jackson-jaxrs-json-provider-2.12.7.jar:/opt/hadoop/share/hadoop/yarn/lib/fst-2.50.jar:/opt/hadoop/share/hadoop/yarn/lib/asm-commons-9.7.1.jar:/opt/hadoop/share/hadoop/yarn/lib/javax.websocket-client-api-1.0.jar:/opt/hadoop/share/hadoop/yarn/lib/bcpkix-jdk18on-1.78.1.jar:/opt/hadoop/share/hadoop/yarn/lib/ehcache-3.8.2.jar:/opt/hadoop/share/hadoop/yarn/lib/commons-lang-2.6.jar:/opt/hadoop/share/hadoop/yarn/lib/aopalliance-1.0.jar:/opt/hadoop/share/hadoop/yarn/lib/guice-4.2.3.jar:/opt/hadoop/share/hadoop/yarn/lib/websocket-servlet-9.4.57.v20241219.jar:/opt/hadoop/share/hadoop/yarn/lib/cache-api-1.1.1.jar:/opt/hadoop/share/hadoop/yarn/lib/websocket-common-9.4.57.v20241219.jar:/opt/hadoop/share/hadoop/yarn/lib/javax-websocket-client-impl-9.4.57.v20241219.jar:/opt/hadoop/share/hadoop/yarn/hadoop-yarn-server-tests-3.4.2.jar:/opt/hadoop/share/hadoop/yarn/hadoop-yarn-server-globalpolicygenerator-3.4.2.jar:/opt/hadoop/share/hadoop/yarn/hadoop-yarn-client-3.4.2.jar:/opt/hadoop/share/hadoop/yarn/hadoop-yarn-server-sharedcachemanager-3.4.2.jar:/opt/hadoop/share/hadoop/yarn/hadoop-yarn-server-timeline-pluginstorage-3.4.2.jar:/opt/hadoop/share/hadoop/yarn/hadoop-yarn-api-3.4.2.jar:/opt/hadoop/share/hadoop/yarn/hadoop-yarn-applications-unmanaged-am-launcher-3.4.2.jar:/opt/hadoop/share/hadoop/yarn/hadoop-yarn-server-router-3.4.2.jar:/opt/hadoop/share/hadoop/yarn/hadoop-yarn-applications-distributedshell-3.4.2.jar:/opt/hadoop/share/hadoop/yarn/hadoop-yarn-registry-3.4.2.jar:/opt/hadoop/share/hadoop/yarn/hadoop-yarn-services-core-3.4.2.jar:/opt/hadoop/share/hadoop/yarn/hadoop-yarn-server-resourcemanager-3.4.2.jar:/opt/hadoop/share/hadoop/yarn/hadoop-yarn-server-applicationhistoryservice-3.4.2.jar:/opt/hadoop/share/hadoop/yarn/hadoop-yarn-server-common-3.4.2.jar:/opt/hadoop/share/hadoop/yarn/hadoop-yarn-server-web-proxy-3.4.2.jar:/opt/hadoop/share/hadoop/yarn/hadoop-yarn-services-api-3.4.2.jar:/opt/hadoop/share/hadoop/yarn/hadoop-yarn-applications-mawo-core-3.4.2.jar:/opt/hadoop/share/hadoop/yarn/hadoop-yarn-server-nodemanager-3.4.2.jar:/opt/hadoop/share/hadoop/yarn/hadoop-yarn-common-3.4.2.jar
STARTUP_MSG:   build = https://github.com/apache/hadoop.git -r 84e8b89ee2ebe6923691205b9e171badde7a495c; compiled by 'ahmarsu' on 2025-08-20T10:30Z
STARTUP_MSG:   java = 11.0.30
************************************************************/
2026-03-03 17:33:02,200 INFO tools.DFSZKFailoverController: registered UNIX signal handlers for [TERM, HUP, INT]
2026-03-03 17:33:03,300 INFO tools.DFSZKFailoverController: Failover controller configured for NameNode NameNode at node01/172.19.0.3:8020
2026-03-03 17:33:03,686 INFO common.X509Util: Setting -D jdk.tls.rejectClientInitiatedRenegotiation=true to disable client-initiated TLS renegotiation
2026-03-03 17:33:03,698 INFO zookeeper.ZooKeeper: Client environment:zookeeper.version=3.8.4-9316c2a7a97e1666d8f4593f34dd6fc36ecc436c, built on 2024-02-12 22:16 UTC
2026-03-03 17:33:03,698 INFO zookeeper.ZooKeeper: Client environment:host.name=node01
2026-03-03 17:33:03,698 INFO zookeeper.ZooKeeper: Client environment:java.version=11.0.30
2026-03-03 17:33:03,699 INFO zookeeper.ZooKeeper: Client environment:java.vendor=Ubuntu
2026-03-03 17:33:03,699 INFO zookeeper.ZooKeeper: Client environment:java.home=/usr/lib/jvm/java-11-openjdk-amd64
2026-03-03 17:33:03,699 INFO zookeeper.ZooKeeper: Client environment:java.class.path=/opt/hadoop/etc/hadoop:/opt/hadoop/share/hadoop/common/lib/netty-transport-native-epoll-4.1.118.Final.jar:/opt/hadoop/share/hadoop/common/lib/commons-net-3.9.0.jar:/opt/hadoop/share/hadoop/common/lib/commons-collections4-4.4.jar:/opt/hadoop/share/hadoop/common/lib/jersey-servlet-1.19.4.jar:/opt/hadoop/share/hadoop/common/lib/woodstox-core-5.4.0.jar:/opt/hadoop/share/hadoop/common/lib/jetty-io-9.4.57.v20241219.jar:/opt/hadoop/share/hadoop/common/lib/javax.servlet-api-3.1.0.jar:/opt/hadoop/share/hadoop/common/lib/kerby-pkix-2.0.3.jar:/opt/hadoop/share/hadoop/common/lib/netty-transport-classes-kqueue-4.1.118.Final.jar:/opt/hadoop/share/hadoop/common/lib/jersey-json-1.22.0.jar:/opt/hadoop/share/hadoop/common/lib/netty-transport-native-epoll-4.1.118.Final-linux-aarch_64.jar:/opt/hadoop/share/hadoop/common/lib/netty-transport-native-kqueue-4.1.118.Final-osx-x86_64.jar:/opt/hadoop/share/hadoop/common/lib/zookeeper-3.8.4.jar:/opt/hadoop/share/hadoop/common/lib/jetty-http-9.4.57.v20241219.jar:/opt/hadoop/share/hadoop/common/lib/netty-handler-4.1.118.Final.jar:/opt/hadoop/share/hadoop/common/lib/netty-transport-native-epoll-4.1.118.Final-linux-riscv64.jar:/opt/hadoop/share/hadoop/common/lib/jetty-util-ajax-9.4.57.v20241219.jar:/opt/hadoop/share/hadoop/common/lib/jsp-api-2.1.jar:/opt/hadoop/share/hadoop/common/lib/commons-lang3-3.17.0.jar:/opt/hadoop/share/hadoop/common/lib/jettison-1.5.4.jar:/opt/hadoop/share/hadoop/common/lib/jakarta.activation-api-1.2.1.jar:/opt/hadoop/share/hadoop/common/lib/netty-codec-memcache-4.1.118.Final.jar:/opt/hadoop/share/hadoop/common/lib/netty-transport-udt-4.1.118.Final.jar:/opt/hadoop/share/hadoop/common/lib/jetty-servlet-9.4.57.v20241219.jar:/opt/hadoop/share/hadoop/common/lib/slf4j-reload4j-1.7.36.jar:/opt/hadoop/share/hadoop/common/lib/nimbus-jose-jwt-9.37.2.jar:/opt/hadoop/share/hadoop/common/lib/bcprov-jdk18on-1.78.1.jar:/opt/hadoop/share/hadoop/common/lib/commons-math3-3.6.1.jar:/opt/hadoop/share/hadoop/common/lib/kerby-util-2.0.3.jar:/opt/hadoop/share/hadoop/common/lib/hadoop-shaded-guava-1.4.0.jar:/opt/hadoop/share/hadoop/common/lib/commons-configuration2-2.10.1.jar:/opt/hadoop/share/hadoop/common/lib/kerb-core-2.0.3.jar:/opt/hadoop/share/hadoop/common/lib/jcip-annotations-1.0-1.jar:/opt/hadoop/share/hadoop/common/lib/failureaccess-1.0.jar:/opt/hadoop/share/hadoop/common/lib/netty-codec-smtp-4.1.118.Final.jar:/opt/hadoop/share/hadoop/common/lib/jaxb-api-2.2.11.jar:/opt/hadoop/share/hadoop/common/lib/curator-framework-5.2.0.jar:/opt/hadoop/share/hadoop/common/lib/jackson-databind-2.12.7.1.jar:/opt/hadoop/share/hadoop/common/lib/metrics-core-3.2.4.jar:/opt/hadoop/share/hadoop/common/lib/curator-client-5.2.0.jar:/opt/hadoop/share/hadoop/common/lib/kerb-crypto-2.0.3.jar:/opt/hadoop/share/hadoop/common/lib/netty-codec-4.1.118.Final.jar:/opt/hadoop/share/hadoop/common/lib/hadoop-annotations-3.4.2.jar:/opt/hadoop/share/hadoop/common/lib/netty-resolver-dns-native-macos-4.1.118.Final-osx-aarch_64.jar:/opt/hadoop/share/hadoop/common/lib/j2objc-annotations-1.1.jar:/opt/hadoop/share/hadoop/common/lib/commons-daemon-1.0.13.jar:/opt/hadoop/share/hadoop/common/lib/jackson-annotations-2.12.7.jar:/opt/hadoop/share/hadoop/common/lib/netty-transport-native-epoll-4.1.118.Final-linux-x86_64.jar:/opt/hadoop/share/hadoop/common/lib/re2j-1.1.jar:/opt/hadoop/share/hadoop/common/lib/commons-io-2.16.1.jar:/opt/hadoop/share/hadoop/common/lib/guava-27.0-jre.jar:/opt/hadoop/share/hadoop/common/lib/gson-2.9.0.jar:/opt/hadoop/share/hadoop/common/lib/kerby-config-2.0.3.jar:/opt/hadoop/share/hadoop/common/lib/netty-codec-haproxy-4.1.118.Final.jar:/opt/hadoop/share/hadoop/common/lib/netty-transport-rxtx-4.1.118.Final.jar:/opt/hadoop/share/hadoop/common/lib/jsr311-api-1.1.1.jar:/opt/hadoop/share/hadoop/common/lib/jetty-security-9.4.57.v20241219.jar:/opt/hadoop/share/hadoop/common/lib/netty-transport-native-unix-common-4.1.118.Final.jar:/opt/hadoop/share/hadoop/common/lib/netty-resolver-dns-4.1.118.Final.jar:/opt/hadoop/share/hadoop/common/lib/dnsjava-3.6.1.jar:/opt/hadoop/share/hadoop/common/lib/netty-transport-classes-epoll-4.1.118.Final.jar:/opt/hadoop/share/hadoop/common/lib/netty-handler-ssl-ocsp-4.1.118.Final.jar:/opt/hadoop/share/hadoop/common/lib/netty-common-4.1.118.Final.jar:/opt/hadoop/share/hadoop/common/lib/httpclient-4.5.13.jar:/opt/hadoop/share/hadoop/common/lib/netty-resolver-dns-classes-macos-4.1.118.Final.jar:/opt/hadoop/share/hadoop/common/lib/netty-resolver-dns-native-macos-4.1.118.Final-osx-x86_64.jar:/opt/hadoop/share/hadoop/common/lib/kerb-util-2.0.3.jar:/opt/hadoop/share/hadoop/common/lib/netty-codec-http2-4.1.118.Final.jar:/opt/hadoop/share/hadoop/common/lib/commons-logging-1.3.0.jar:/opt/hadoop/share/hadoop/common/lib/jetty-server-9.4.57.v20241219.jar:/opt/hadoop/share/hadoop/common/lib/netty-transport-native-kqueue-4.1.118.Final-osx-aarch_64.jar:/opt/hadoop/share/hadoop/common/lib/netty-codec-redis-4.1.118.Final.jar:/opt/hadoop/share/hadoop/common/lib/netty-codec-socks-4.1.118.Final.jar:/opt/hadoop/share/hadoop/common/lib/jsch-0.1.55.jar:/opt/hadoop/share/hadoop/common/lib/hadoop-shaded-protobuf_3_25-1.4.0.jar:/opt/hadoop/share/hadoop/common/lib/jul-to-slf4j-1.7.36.jar:/opt/hadoop/share/hadoop/common/lib/kerby-asn1-2.0.3.jar:/opt/hadoop/share/hadoop/common/lib/jersey-server-1.19.4.jar:/opt/hadoop/share/hadoop/common/lib/checker-qual-2.5.2.jar:/opt/hadoop/share/hadoop/common/lib/slf4j-api-1.7.36.jar:/opt/hadoop/share/hadoop/common/lib/netty-codec-mqtt-4.1.118.Final.jar:/opt/hadoop/share/hadoop/common/lib/netty-handler-proxy-4.1.118.Final.jar:/opt/hadoop/share/hadoop/common/lib/netty-codec-xml-4.1.118.Final.jar:/opt/hadoop/share/hadoop/common/lib/zookeeper-jute-3.8.4.jar:/opt/hadoop/share/hadoop/common/lib/netty-transport-sctp-4.1.118.Final.jar:/opt/hadoop/share/hadoop/common/lib/jsr305-3.0.2.jar:/opt/hadoop/share/hadoop/common/lib/jaxb-impl-2.2.3-1.jar:/opt/hadoop/share/hadoop/common/lib/netty-all-4.1.118.Final.jar:/opt/hadoop/share/hadoop/common/lib/stax2-api-4.2.1.jar:/opt/hadoop/share/hadoop/common/lib/httpcore-4.4.13.jar:/opt/hadoop/share/hadoop/common/lib/commons-compress-1.26.1.jar:/opt/hadoop/share/hadoop/common/lib/commons-codec-1.15.jar:/opt/hadoop/share/hadoop/common/lib/jackson-core-2.12.7.jar:/opt/hadoop/share/hadoop/common/lib/netty-codec-stomp-4.1.118.Final.jar:/opt/hadoop/share/hadoop/common/lib/jetty-xml-9.4.57.v20241219.jar:/opt/hadoop/share/hadoop/common/lib/netty-resolver-4.1.118.Final.jar:/opt/hadoop/share/hadoop/common/lib/jetty-webapp-9.4.57.v20241219.jar:/opt/hadoop/share/hadoop/common/lib/jetty-util-9.4.57.v20241219.jar:/opt/hadoop/share/hadoop/common/lib/avro-1.11.4.jar:/opt/hadoop/share/hadoop/common/lib/reload4j-1.2.22.jar:/opt/hadoop/share/hadoop/common/lib/commons-cli-1.9.0.jar:/opt/hadoop/share/hadoop/common/lib/netty-codec-dns-4.1.118.Final.jar:/opt/hadoop/share/hadoop/common/lib/jersey-core-1.19.4.jar:/opt/hadoop/share/hadoop/common/lib/netty-transport-4.1.118.Final.jar:/opt/hadoop/share/hadoop/common/lib/netty-codec-http-4.1.118.Final.jar:/opt/hadoop/share/hadoop/common/lib/audience-annotations-0.12.0.jar:/opt/hadoop/share/hadoop/common/lib/animal-sniffer-annotations-1.17.jar:/opt/hadoop/share/hadoop/common/lib/listenablefuture-9999.0-empty-to-avoid-conflict-with-guava.jar:/opt/hadoop/share/hadoop/common/lib/commons-text-1.10.0.jar:/opt/hadoop/share/hadoop/common/lib/netty-buffer-4.1.118.Final.jar:/opt/hadoop/share/hadoop/common/lib/snappy-java-1.1.10.4.jar:/opt/hadoop/share/hadoop/common/lib/hadoop-auth-3.4.2.jar:/opt/hadoop/share/hadoop/common/lib/curator-recipes-5.2.0.jar:/opt/hadoop/share/hadoop/common/hadoop-common-3.4.2.jar:/opt/hadoop/share/hadoop/common/hadoop-kms-3.4.2.jar:/opt/hadoop/share/hadoop/common/hadoop-common-3.4.2-tests.jar:/opt/hadoop/share/hadoop/common/hadoop-nfs-3.4.2.jar:/opt/hadoop/share/hadoop/common/hadoop-registry-3.4.2.jar:/opt/hadoop/share/hadoop/hdfs:/opt/hadoop/share/hadoop/hdfs/lib/netty-transport-native-epoll-4.1.118.Final.jar:/opt/hadoop/share/hadoop/hdfs/lib/commons-net-3.9.0.jar:/opt/hadoop/share/hadoop/hdfs/lib/commons-collections4-4.4.jar:/opt/hadoop/share/hadoop/hdfs/lib/jersey-servlet-1.19.4.jar:/opt/hadoop/share/hadoop/hdfs/lib/woodstox-core-5.4.0.jar:/opt/hadoop/share/hadoop/hdfs/lib/jetty-io-9.4.57.v20241219.jar:/opt/hadoop/share/hadoop/hdfs/lib/javax.servlet-api-3.1.0.jar:/opt/hadoop/share/hadoop/hdfs/lib/kerby-pkix-2.0.3.jar:/opt/hadoop/share/hadoop/hdfs/lib/netty-transport-classes-kqueue-4.1.118.Final.jar:/opt/hadoop/share/hadoop/hdfs/lib/jersey-json-1.22.0.jar:/opt/hadoop/share/hadoop/hdfs/lib/netty-transport-native-epoll-4.1.118.Final-linux-aarch_64.jar:/opt/hadoop/share/hadoop/hdfs/lib/netty-transport-native-kqueue-4.1.118.Final-osx-x86_64.jar:/opt/hadoop/share/hadoop/hdfs/lib/zookeeper-3.8.4.jar:/opt/hadoop/share/hadoop/hdfs/lib/jetty-http-9.4.57.v20241219.jar:/opt/hadoop/share/hadoop/hdfs/lib/netty-handler-4.1.118.Final.jar:/opt/hadoop/share/hadoop/hdfs/lib/netty-transport-native-epoll-4.1.118.Final-linux-riscv64.jar:/opt/hadoop/share/hadoop/hdfs/lib/jetty-util-ajax-9.4.57.v20241219.jar:/opt/hadoop/share/hadoop/hdfs/lib/commons-lang3-3.17.0.jar:/opt/hadoop/share/hadoop/hdfs/lib/jettison-1.5.4.jar:/opt/hadoop/share/hadoop/hdfs/lib/jakarta.activation-api-1.2.1.jar:/opt/hadoop/share/hadoop/hdfs/lib/netty-codec-memcache-4.1.118.Final.jar:/opt/hadoop/share/hadoop/hdfs/lib/netty-transport-udt-4.1.118.Final.jar:/opt/hadoop/share/hadoop/hdfs/lib/jetty-servlet-9.4.57.v20241219.jar:/opt/hadoop/share/hadoop/hdfs/lib/nimbus-jose-jwt-9.37.2.jar:/opt/hadoop/share/hadoop/hdfs/lib/commons-math3-3.6.1.jar:/opt/hadoop/share/hadoop/hdfs/lib/kerby-util-2.0.3.jar:/opt/hadoop/share/hadoop/hdfs/lib/hadoop-shaded-guava-1.4.0.jar:/opt/hadoop/share/hadoop/hdfs/lib/commons-configuration2-2.10.1.jar:/opt/hadoop/share/hadoop/hdfs/lib/kerb-core-2.0.3.jar:/opt/hadoop/share/hadoop/hdfs/lib/jcip-annotations-1.0-1.jar:/opt/hadoop/share/hadoop/hdfs/lib/failureaccess-1.0.jar:/opt/hadoop/share/hadoop/hdfs/lib/netty-codec-smtp-4.1.118.Final.jar:/opt/hadoop/share/hadoop/hdfs/lib/jaxb-api-2.2.11.jar:/opt/hadoop/share/hadoop/hdfs/lib/curator-framework-5.2.0.jar:/opt/hadoop/share/hadoop/hdfs/lib/jackson-databind-2.12.7.1.jar:/opt/hadoop/share/hadoop/hdfs/lib/metrics-core-3.2.4.jar:/opt/hadoop/share/hadoop/hdfs/lib/curator-client-5.2.0.jar:/opt/hadoop/share/hadoop/hdfs/lib/kerb-crypto-2.0.3.jar:/opt/hadoop/share/hadoop/hdfs/lib/netty-codec-4.1.118.Final.jar:/opt/hadoop/share/hadoop/hdfs/lib/hadoop-annotations-3.4.2.jar:/opt/hadoop/share/hadoop/hdfs/lib/netty-resolver-dns-native-macos-4.1.118.Final-osx-aarch_64.jar:/opt/hadoop/share/hadoop/hdfs/lib/j2objc-annotations-1.1.jar:/opt/hadoop/share/hadoop/hdfs/lib/commons-daemon-1.0.13.jar:/opt/hadoop/share/hadoop/hdfs/lib/jackson-annotations-2.12.7.jar:/opt/hadoop/share/hadoop/hdfs/lib/netty-transport-native-epoll-4.1.118.Final-linux-x86_64.jar:/opt/hadoop/share/hadoop/hdfs/lib/re2j-1.1.jar:/opt/hadoop/share/hadoop/hdfs/lib/commons-io-2.16.1.jar:/opt/hadoop/share/hadoop/hdfs/lib/guava-27.0-jre.jar:/opt/hadoop/share/hadoop/hdfs/lib/gson-2.9.0.jar:/opt/hadoop/share/hadoop/hdfs/lib/kerby-config-2.0.3.jar:/opt/hadoop/share/hadoop/hdfs/lib/netty-codec-haproxy-4.1.118.Final.jar:/opt/hadoop/share/hadoop/hdfs/lib/netty-transport-rxtx-4.1.118.Final.jar:/opt/hadoop/share/hadoop/hdfs/lib/jsr311-api-1.1.1.jar:/opt/hadoop/share/hadoop/hdfs/lib/jetty-security-9.4.57.v20241219.jar:/opt/hadoop/share/hadoop/hdfs/lib/netty-transport-native-unix-common-4.1.118.Final.jar:/opt/hadoop/share/hadoop/hdfs/lib/netty-resolver-dns-4.1.118.Final.jar:/opt/hadoop/share/hadoop/hdfs/lib/dnsjava-3.6.1.jar:/opt/hadoop/share/hadoop/hdfs/lib/netty-transport-classes-epoll-4.1.118.Final.jar:/opt/hadoop/share/hadoop/hdfs/lib/netty-handler-ssl-ocsp-4.1.118.Final.jar:/opt/hadoop/share/hadoop/hdfs/lib/netty-common-4.1.118.Final.jar:/opt/hadoop/share/hadoop/hdfs/lib/httpclient-4.5.13.jar:/opt/hadoop/share/hadoop/hdfs/lib/netty-resolver-dns-classes-macos-4.1.118.Final.jar:/opt/hadoop/share/hadoop/hdfs/lib/netty-resolver-dns-native-macos-4.1.118.Final-osx-x86_64.jar:/opt/hadoop/share/hadoop/hdfs/lib/kerb-util-2.0.3.jar:/opt/hadoop/share/hadoop/hdfs/lib/netty-codec-http2-4.1.118.Final.jar:/opt/hadoop/share/hadoop/hdfs/lib/commons-logging-1.3.0.jar:/opt/hadoop/share/hadoop/hdfs/lib/jetty-server-9.4.57.v20241219.jar:/opt/hadoop/share/hadoop/hdfs/lib/netty-transport-native-kqueue-4.1.118.Final-osx-aarch_64.jar:/opt/hadoop/share/hadoop/hdfs/lib/netty-codec-redis-4.1.118.Final.jar:/opt/hadoop/share/hadoop/hdfs/lib/netty-codec-socks-4.1.118.Final.jar:/opt/hadoop/share/hadoop/hdfs/lib/jsch-0.1.55.jar:/opt/hadoop/share/hadoop/hdfs/lib/hadoop-shaded-protobuf_3_25-1.4.0.jar:/opt/hadoop/share/hadoop/hdfs/lib/kerby-asn1-2.0.3.jar:/opt/hadoop/share/hadoop/hdfs/lib/jersey-server-1.19.4.jar:/opt/hadoop/share/hadoop/hdfs/lib/checker-qual-2.5.2.jar:/opt/hadoop/share/hadoop/hdfs/lib/HikariCP-4.0.3.jar:/opt/hadoop/share/hadoop/hdfs/lib/netty-codec-mqtt-4.1.118.Final.jar:/opt/hadoop/share/hadoop/hdfs/lib/netty-handler-proxy-4.1.118.Final.jar:/opt/hadoop/share/hadoop/hdfs/lib/netty-codec-xml-4.1.118.Final.jar:/opt/hadoop/share/hadoop/hdfs/lib/zookeeper-jute-3.8.4.jar:/opt/hadoop/share/hadoop/hdfs/lib/netty-transport-sctp-4.1.118.Final.jar:/opt/hadoop/share/hadoop/hdfs/lib/leveldbjni-all-1.8.jar:/opt/hadoop/share/hadoop/hdfs/lib/jsr305-3.0.2.jar:/opt/hadoop/share/hadoop/hdfs/lib/jaxb-impl-2.2.3-1.jar:/opt/hadoop/share/hadoop/hdfs/lib/netty-all-4.1.118.Final.jar:/opt/hadoop/share/hadoop/hdfs/lib/stax2-api-4.2.1.jar:/opt/hadoop/share/hadoop/hdfs/lib/httpcore-4.4.13.jar:/opt/hadoop/share/hadoop/hdfs/lib/commons-compress-1.26.1.jar:/opt/hadoop/share/hadoop/hdfs/lib/commons-codec-1.15.jar:/opt/hadoop/share/hadoop/hdfs/lib/jackson-core-2.12.7.jar:/opt/hadoop/share/hadoop/hdfs/lib/netty-codec-stomp-4.1.118.Final.jar:/opt/hadoop/share/hadoop/hdfs/lib/jetty-xml-9.4.57.v20241219.jar:/opt/hadoop/share/hadoop/hdfs/lib/netty-resolver-4.1.118.Final.jar:/opt/hadoop/share/hadoop/hdfs/lib/jetty-webapp-9.4.57.v20241219.jar:/opt/hadoop/share/hadoop/hdfs/lib/jetty-util-9.4.57.v20241219.jar:/opt/hadoop/share/hadoop/hdfs/lib/json-simple-1.1.1.jar:/opt/hadoop/share/hadoop/hdfs/lib/avro-1.11.4.jar:/opt/hadoop/share/hadoop/hdfs/lib/reload4j-1.2.22.jar:/opt/hadoop/share/hadoop/hdfs/lib/commons-cli-1.9.0.jar:/opt/hadoop/share/hadoop/hdfs/lib/netty-codec-dns-4.1.118.Final.jar:/opt/hadoop/share/hadoop/hdfs/lib/jersey-core-1.19.4.jar:/opt/hadoop/share/hadoop/hdfs/lib/netty-transport-4.1.118.Final.jar:/opt/hadoop/share/hadoop/hdfs/lib/netty-codec-http-4.1.118.Final.jar:/opt/hadoop/share/hadoop/hdfs/lib/audience-annotations-0.12.0.jar:/opt/hadoop/share/hadoop/hdfs/lib/animal-sniffer-annotations-1.17.jar:/opt/hadoop/share/hadoop/hdfs/lib/listenablefuture-9999.0-empty-to-avoid-conflict-with-guava.jar:/opt/hadoop/share/hadoop/hdfs/lib/commons-text-1.10.0.jar:/opt/hadoop/share/hadoop/hdfs/lib/netty-buffer-4.1.118.Final.jar:/opt/hadoop/share/hadoop/hdfs/lib/snappy-java-1.1.10.4.jar:/opt/hadoop/share/hadoop/hdfs/lib/hadoop-auth-3.4.2.jar:/opt/hadoop/share/hadoop/hdfs/lib/curator-recipes-5.2.0.jar:/opt/hadoop/share/hadoop/hdfs/hadoop-hdfs-rbf-3.4.2.jar:/opt/hadoop/share/hadoop/hdfs/hadoop-hdfs-client-3.4.2.jar:/opt/hadoop/share/hadoop/hdfs/hadoop-hdfs-native-client-3.4.2.jar:/opt/hadoop/share/hadoop/hdfs/hadoop-hdfs-nfs-3.4.2.jar:/opt/hadoop/share/hadoop/hdfs/hadoop-hdfs-3.4.2-tests.jar:/opt/hadoop/share/hadoop/hdfs/hadoop-hdfs-3.4.2.jar:/opt/hadoop/share/hadoop/hdfs/hadoop-hdfs-rbf-3.4.2-tests.jar:/opt/hadoop/share/hadoop/hdfs/hadoop-hdfs-httpfs-3.4.2.jar:/opt/hadoop/share/hadoop/hdfs/hadoop-hdfs-client-3.4.2-tests.jar:/opt/hadoop/share/hadoop/hdfs/hadoop-hdfs-native-client-3.4.2-tests.jar:/opt/hadoop/share/hadoop/mapreduce/hadoop-mapreduce-client-core-3.4.2.jar:/opt/hadoop/share/hadoop/mapreduce/hadoop-mapreduce-client-app-3.4.2.jar:/opt/hadoop/share/hadoop/mapreduce/hadoop-mapreduce-examples-3.4.2.jar:/opt/hadoop/share/hadoop/mapreduce/hadoop-mapreduce-client-hs-plugins-3.4.2.jar:/opt/hadoop/share/hadoop/mapreduce/hadoop-mapreduce-client-shuffle-3.4.2.jar:/opt/hadoop/share/hadoop/mapreduce/hadoop-mapreduce-client-common-3.4.2.jar:/opt/hadoop/share/hadoop/mapreduce/hadoop-mapreduce-client-jobclient-3.4.2.jar:/opt/hadoop/share/hadoop/mapreduce/hadoop-mapreduce-client-nativetask-3.4.2.jar:/opt/hadoop/share/hadoop/mapreduce/hadoop-mapreduce-client-hs-3.4.2.jar:/opt/hadoop/share/hadoop/mapreduce/hadoop-mapreduce-client-uploader-3.4.2.jar:/opt/hadoop/share/hadoop/mapreduce/hadoop-mapreduce-client-jobclient-3.4.2-tests.jar:/opt/hadoop/share/hadoop/yarn:/opt/hadoop/share/hadoop/yarn/lib/jackson-jaxrs-base-2.12.7.jar:/opt/hadoop/share/hadoop/yarn/lib/websocket-client-9.4.57.v20241219.jar:/opt/hadoop/share/hadoop/yarn/lib/swagger-annotations-1.5.4.jar:/opt/hadoop/share/hadoop/yarn/lib/jetty-annotations-9.4.57.v20241219.jar:/opt/hadoop/share/hadoop/yarn/lib/txw2-2.3.1.jar:/opt/hadoop/share/hadoop/yarn/lib/javax-websocket-server-impl-9.4.57.v20241219.jar:/opt/hadoop/share/hadoop/yarn/lib/mssql-jdbc-6.2.1.jre7.jar:/opt/hadoop/share/hadoop/yarn/lib/jetty-plus-9.4.57.v20241219.jar:/opt/hadoop/share/hadoop/yarn/lib/jaxb-runtime-2.3.1.jar:/opt/hadoop/share/hadoop/yarn/lib/jersey-guice-1.19.4.jar:/opt/hadoop/share/hadoop/yarn/lib/FastInfoset-1.2.15.jar:/opt/hadoop/share/hadoop/yarn/lib/stax-ex-1.8.jar:/opt/hadoop/share/hadoop/yarn/lib/bcutil-jdk18on-1.78.1.jar:/opt/hadoop/share/hadoop/yarn/lib/jetty-client-9.4.57.v20241219.jar:/opt/hadoop/share/hadoop/yarn/lib/jakarta.xml.bind-api-2.3.2.jar:/opt/hadoop/share/hadoop/yarn/lib/asm-tree-9.7.1.jar:/opt/hadoop/share/hadoop/yarn/lib/javax.inject-1.jar:/opt/hadoop/share/hadoop/yarn/lib/objenesis-2.6.jar:/opt/hadoop/share/hadoop/yarn/lib/websocket-api-9.4.57.v20241219.jar:/opt/hadoop/share/hadoop/yarn/lib/jsonschema2pojo-core-1.0.2.jar:/opt/hadoop/share/hadoop/yarn/lib/jetty-jndi-9.4.57.v20241219.jar:/opt/hadoop/share/hadoop/yarn/lib/javax.websocket-api-1.0.jar:/opt/hadoop/share/hadoop/yarn/lib/javax.activation-api-1.2.0.jar:/opt/hadoop/share/hadoop/yarn/lib/istack-commons-runtime-3.0.7.jar:/opt/hadoop/share/hadoop/yarn/lib/websocket-server-9.4.57.v20241219.jar:/opt/hadoop/share/hadoop/yarn/lib/jersey-client-1.19.4.jar:/opt/hadoop/share/hadoop/yarn/lib/jline-3.9.0.jar:/opt/hadoop/share/hadoop/yarn/lib/jna-5.2.0.jar:/opt/hadoop/share/hadoop/yarn/lib/codemodel-2.6.jar:/opt/hadoop/share/hadoop/yarn/lib/snakeyaml-2.0.jar:/opt/hadoop/share/hadoop/yarn/lib/guice-servlet-4.2.3.jar:/opt/hadoop/share/hadoop/yarn/lib/jackson-module-jaxb-annotations-2.12.7.jar:/opt/hadoop/share/hadoop/yarn/lib/jackson-jaxrs-json-provider-2.12.7.jar:/opt/hadoop/share/hadoop/yarn/lib/fst-2.50.jar:/opt/hadoop/share/hadoop/yarn/lib/asm-commons-9.7.1.jar:/opt/hadoop/share/hadoop/yarn/lib/javax.websocket-client-api-1.0.jar:/opt/hadoop/share/hadoop/yarn/lib/bcpkix-jdk18on-1.78.1.jar:/opt/hadoop/share/hadoop/yarn/lib/ehcache-3.8.2.jar:/opt/hadoop/share/hadoop/yarn/lib/commons-lang-2.6.jar:/opt/hadoop/share/hadoop/yarn/lib/aopalliance-1.0.jar:/opt/hadoop/share/hadoop/yarn/lib/guice-4.2.3.jar:/opt/hadoop/share/hadoop/yarn/lib/websocket-servlet-9.4.57.v20241219.jar:/opt/hadoop/share/hadoop/yarn/lib/cache-api-1.1.1.jar:/opt/hadoop/share/hadoop/yarn/lib/websocket-common-9.4.57.v20241219.jar:/opt/hadoop/share/hadoop/yarn/lib/javax-websocket-client-impl-9.4.57.v20241219.jar:/opt/hadoop/share/hadoop/yarn/hadoop-yarn-server-tests-3.4.2.jar:/opt/hadoop/share/hadoop/yarn/hadoop-yarn-server-globalpolicygenerator-3.4.2.jar:/opt/hadoop/share/hadoop/yarn/hadoop-yarn-client-3.4.2.jar:/opt/hadoop/share/hadoop/yarn/hadoop-yarn-server-sharedcachemanager-3.4.2.jar:/opt/hadoop/share/hadoop/yarn/hadoop-yarn-server-timeline-pluginstorage-3.4.2.jar:/opt/hadoop/share/hadoop/yarn/hadoop-yarn-api-3.4.2.jar:/opt/hadoop/share/hadoop/yarn/hadoop-yarn-applications-unmanaged-am-launcher-3.4.2.jar:/opt/hadoop/share/hadoop/yarn/hadoop-yarn-server-router-3.4.2.jar:/opt/hadoop/share/hadoop/yarn/hadoop-yarn-applications-distributedshell-3.4.2.jar:/opt/hadoop/share/hadoop/yarn/hadoop-yarn-registry-3.4.2.jar:/opt/hadoop/share/hadoop/yarn/hadoop-yarn-services-core-3.4.2.jar:/opt/hadoop/share/hadoop/yarn/hadoop-yarn-server-resourcemanager-3.4.2.jar:/opt/hadoop/share/hadoop/yarn/hadoop-yarn-server-applicationhistoryservice-3.4.2.jar:/opt/hadoop/share/hadoop/yarn/hadoop-yarn-server-common-3.4.2.jar:/opt/hadoop/share/hadoop/yarn/hadoop-yarn-server-web-proxy-3.4.2.jar:/opt/hadoop/share/hadoop/yarn/hadoop-yarn-services-api-3.4.2.jar:/opt/hadoop/share/hadoop/yarn/hadoop-yarn-applications-mawo-core-3.4.2.jar:/opt/hadoop/share/hadoop/yarn/hadoop-yarn-server-nodemanager-3.4.2.jar:/opt/hadoop/share/hadoop/yarn/hadoop-yarn-common-3.4.2.jar
2026-03-03 17:33:03,699 INFO zookeeper.ZooKeeper: Client environment:java.library.path=/opt/hadoop/lib/native
2026-03-03 17:33:03,700 INFO zookeeper.ZooKeeper: Client environment:java.io.tmpdir=/tmp
2026-03-03 17:33:03,700 INFO zookeeper.ZooKeeper: Client environment:java.compiler=<NA>
2026-03-03 17:33:03,700 INFO zookeeper.ZooKeeper: Client environment:os.name=Linux
2026-03-03 17:33:03,700 INFO zookeeper.ZooKeeper: Client environment:os.arch=amd64
2026-03-03 17:33:03,700 INFO zookeeper.ZooKeeper: Client environment:os.version=5.15.167.4-microsoft-standard-WSL2
2026-03-03 17:33:03,700 INFO zookeeper.ZooKeeper: Client environment:user.name=root
2026-03-03 17:33:03,700 INFO zookeeper.ZooKeeper: Client environment:user.home=/root
2026-03-03 17:33:03,700 INFO zookeeper.ZooKeeper: Client environment:user.dir=/shared/scripts
2026-03-03 17:33:03,700 INFO zookeeper.ZooKeeper: Client environment:os.memory.free=99MB
2026-03-03 17:33:03,700 INFO zookeeper.ZooKeeper: Client environment:os.memory.max=1960MB
2026-03-03 17:33:03,700 INFO zookeeper.ZooKeeper: Client environment:os.memory.total=126MB
2026-03-03 17:33:03,713 INFO zookeeper.ZooKeeper: Initiating client connection, connectString=node01:2181,node02:2181,node03:2181 sessionTimeout=10000 watcher=org.apache.hadoop.ha.ActiveStandbyElector$WatcherWithClientRef@23202fce
2026-03-03 17:33:03,722 INFO zookeeper.ClientCnxnSocket: jute.maxbuffer value is 1048575 Bytes
2026-03-03 17:33:03,742 INFO zookeeper.ClientCnxn: zookeeper.request.timeout value is 0. feature enabled=false
2026-03-03 17:33:03,770 INFO zookeeper.ClientCnxn: Opening socket connection to server node01/172.19.0.3:2181.
2026-03-03 17:33:03,772 INFO zookeeper.ClientCnxn: SASL config status: Will not attempt to authenticate using SASL (unknown error)
2026-03-03 17:33:03,787 INFO zookeeper.ClientCnxn: Socket connection established, initiating session, client: /172.19.0.3:35884, server: node01/172.19.0.3:2181
2026-03-03 17:33:03,851 INFO zookeeper.ClientCnxn: Session establishment complete on server node01/172.19.0.3:2181, session id = 0x10007470eb20000, negotiated timeout = 10000
2026-03-03 17:33:03,919 INFO ha.ActiveStandbyElector: Successfully created /hadoop-ha/clusterA in ZK.
2026-03-03 17:33:03,922 INFO ha.ActiveStandbyElector: Session connected.
2026-03-03 17:33:04,042 INFO zookeeper.ZooKeeper: Session: 0x10007470eb20000 closed
2026-03-03 17:33:04,043 WARN ha.ActiveStandbyElector: Ignoring stale result from old client with sessionId 0x10007470eb20000
2026-03-03 17:33:04,043 INFO zookeeper.ClientCnxn: EventThread shut down for session: 0x10007470eb20000
2026-03-03 17:33:04,048 INFO tools.DFSZKFailoverController: SHUTDOWN_MSG: 
/************************************************************
SHUTDOWN_MSG: Shutting down DFSZKFailoverController at node01/172.19.0.3
************************************************************/
[17:33:04] [node01] ✅ ZooKeeper formatted for ZKFC
[17:33:04] [node01] Starting NameNode...
[17:33:06] [node01] Waiting for NameNode to exit safe mode...
[17:33:14] [node01] NameNode is out of safe mode
[17:33:14] [node01] Starting ZooKeeper Failover Controller...
[17:33:16] [node01] ZKFC started
[17:33:16] [node01] Starting ResourceManager...
[17:33:19] [node01] ResourceManager started

[17:33:19] [node01] ============================================
[17:33:19] [node01] node01 services started. Running processes:
16018 Jps
15251 QuorumPeerMain
15707 NameNode
15470 JournalNode
15886 DFSZKFailoverController
15950 ResourceManager
[17:33:19] [node01] ============================================
[17:33:19] [node01] NameNode HA state:
active
[17:34:12] FAIL: Active NameNode did not come up on node01:8020
